#
# There is insufficient memory for the Java Runtime Environment to continue.
# Native memory allocation (malloc) failed to allocate 43296 bytes for Chunk::new
# Possible reasons:
#   The system is out of physical RAM or swap space
#   The process is running with CompressedOops enabled, and the Java Heap may be blocking the growth of the native heap
# Possible solutions:
#   Reduce memory load on the system
#   Increase physical memory or swap space
#   Check if swap backing store is full
#   Decrease Java heap size (-Xmx/-Xms)
#   Decrease number of Java threads
#   Decrease Java thread stack sizes (-Xss)
#   Set larger code cache with -XX:ReservedCodeCacheSize=
#   JVM is running with Unscaled Compressed Oops mode in which the Java heap is
#     placed in the first 4GB address space. The Java Heap base address is the
#     maximum limit for the native heap growth. Please use -XX:HeapBaseMinAddress
#     to set the Java Heap base and to place the Java Heap above 4GB virtual address.
# This output file may be truncated or incomplete.
#
#  Out of Memory Error (./src/hotspot/share/memory/arena.cpp:197), pid=12844, tid=23264
#
# JRE version: OpenJDK Runtime Environment 18.9 (11.0.13+8) (build 11.0.13+8)
# Java VM: OpenJDK 64-Bit Server VM 18.9 (11.0.13+8, mixed mode, tiered, compressed oops, g1 gc, windows-amd64)
# No core dump will be written. Minidumps are not enabled by default on client versions of Windows
#

---------------  S U M M A R Y ------------

Command Line: org.jetbrains.kotlin.cli.jvm.K2JVMCompiler @C:\Users\hetvr\Documents\ssip\UserMobile\node_modules\react-native-screens\android\build\20230205_2308004342970979214.compiler.options

Host: Intel(R) Core(TM) i5-10210U CPU @ 1.60GHz, 8 cores, 7G,  Windows 10 , 64 bit Build 19041 (10.0.19041.2364)
Time: Sun Feb  5 01:21:11 2023 India Standard Time elapsed time: 3.292963 seconds (0d 0h 0m 3s)

---------------  T H R E A D  ---------------

Current thread (0x000001bd78918000):  JavaThread "C1 CompilerThread0" daemon [_thread_in_native, id=23264, stack(0x00000034d4500000,0x00000034d4600000)]


Current CompileTask:
C1:   3293  786   !   3       kotlin.reflect.jvm.internal.impl.metadata.ProtoBuf$Function::<init> (1410 bytes)

Stack: [0x00000034d4500000,0x00000034d4600000]
Native frames: (J=compiled Java code, j=interpreted, Vv=VM code, C=native code)
V  [jvm.dll+0x64b92a]
V  [jvm.dll+0x78e4e9]
V  [jvm.dll+0x78fbcc]
V  [jvm.dll+0x790293]
V  [jvm.dll+0x265118]
V  [jvm.dll+0xc9e01]
V  [jvm.dll+0xca3bc]
V  [jvm.dll+0x1c0b0a]
V  [jvm.dll+0x17fb8b]
V  [jvm.dll+0x187b9b]
V  [jvm.dll+0x17f294]
V  [jvm.dll+0x17e7ea]
V  [jvm.dll+0x18873b]
V  [jvm.dll+0x17f8eb]
V  [jvm.dll+0x182fdf]
V  [jvm.dll+0x1367cf]
V  [jvm.dll+0x135fd9]
V  [jvm.dll+0x13620f]
V  [jvm.dll+0x135387]
V  [jvm.dll+0x137427]
V  [jvm.dll+0x22c754]
V  [jvm.dll+0x22a9e1]
V  [jvm.dll+0x74ff8c]
V  [jvm.dll+0x748b7d]
V  [jvm.dll+0x64a5f6]
C  [ucrtbase.dll+0x21bb2]
C  [KERNEL32.DLL+0x17614]
C  [ntdll.dll+0x526a1]


---------------  P R O C E S S  ---------------

Threads class SMR info:
_java_thread_list=0x000001bd7938d710, length=10, elements={
0x000001bd689b4000, 0x000001bd788ef000, 0x000001bd788f0800, 0x000001bd78908000,
0x000001bd7890a800, 0x000001bd7890d800, 0x000001bd78911000, 0x000001bd78918000,
0x000001bd7891e000, 0x000001bd793be800
}

Java Threads: ( => current thread )
  0x000001bd689b4000 JavaThread "main" [_thread_in_vm, id=9156, stack(0x00000034d3800000,0x00000034d3900000)]
  0x000001bd788ef000 JavaThread "Reference Handler" daemon [_thread_blocked, id=28252, stack(0x00000034d3f00000,0x00000034d4000000)]
  0x000001bd788f0800 JavaThread "Finalizer" daemon [_thread_blocked, id=20044, stack(0x00000034d4000000,0x00000034d4100000)]
  0x000001bd78908000 JavaThread "Signal Dispatcher" daemon [_thread_blocked, id=9348, stack(0x00000034d4100000,0x00000034d4200000)]
  0x000001bd7890a800 JavaThread "Attach Listener" daemon [_thread_blocked, id=16984, stack(0x00000034d4200000,0x00000034d4300000)]
  0x000001bd7890d800 JavaThread "Service Thread" daemon [_thread_blocked, id=23792, stack(0x00000034d4300000,0x00000034d4400000)]
  0x000001bd78911000 JavaThread "C2 CompilerThread0" daemon [_thread_blocked, id=14800, stack(0x00000034d4400000,0x00000034d4500000)]
=>0x000001bd78918000 JavaThread "C1 CompilerThread0" daemon [_thread_in_native, id=23264, stack(0x00000034d4500000,0x00000034d4600000)]
  0x000001bd7891e000 JavaThread "Sweeper thread" daemon [_thread_blocked, id=4400, stack(0x00000034d4600000,0x00000034d4700000)]
  0x000001bd793be800 JavaThread "Common-Cleaner" daemon [_thread_blocked, id=19720, stack(0x00000034d4800000,0x00000034d4900000)]

Other Threads:
  0x000001bd788ca000 VMThread "VM Thread" [stack: 0x00000034d3e00000,0x00000034d3f00000] [id=20356]
  0x000001bd793b5800 WatcherThread [stack: 0x00000034d4700000,0x00000034d4800000] [id=7992]
  0x000001bd689cb000 GCTaskThread "GC Thread#0" [stack: 0x00000034d3900000,0x00000034d3a00000] [id=19992]
  0x000001bd7992d800 GCTaskThread "GC Thread#1" [stack: 0x00000034d4900000,0x00000034d4a00000] [id=18244]
  0x000001bd79999000 GCTaskThread "GC Thread#2" [stack: 0x00000034d4a00000,0x00000034d4b00000] [id=26444]
  0x000001bd689fb800 ConcurrentGCThread "G1 Main Marker" [stack: 0x00000034d3a00000,0x00000034d3b00000] [id=20096]
  0x000001bd689fd000 ConcurrentGCThread "G1 Conc#0" [stack: 0x00000034d3b00000,0x00000034d3c00000] [id=26856]
  0x000001bd78731000 ConcurrentGCThread "G1 Refine#0" [stack: 0x00000034d3c00000,0x00000034d3d00000] [id=28668]
  0x000001bd68a8c000 ConcurrentGCThread "G1 Young RemSet Sampling" [stack: 0x00000034d3d00000,0x00000034d3e00000] [id=18816]

Threads with active compile tasks:
C1 CompilerThread0   3333  786   !   3       kotlin.reflect.jvm.internal.impl.metadata.ProtoBuf$Function::<init> (1410 bytes)

VM state:not at safepoint (normal execution)

VM Mutex/Monitor currently owned by a thread: None

Heap address: 0x0000000082a00000, size: 2006 MB, Compressed Oops mode: 32-bit
Narrow klass base: 0x0000000000000000, Narrow klass shift: 3
Compressed class space size: 1073741824 Address: 0x0000000100000000

Heap:
 garbage-first heap   total 129024K, used 12140K [0x0000000082a00000, 0x0000000100000000)
  region size 1024K, 10 young (10240K), 3 survivors (3072K)
 Metaspace       used 13645K, capacity 13784K, committed 13952K, reserved 1062912K
  class space    used 1302K, capacity 1335K, committed 1408K, reserved 1048576K
Heap Regions: E=young(eden), S=young(survivor), O=old, HS=humongous(starts), HC=humongous(continues), CS=collection set, F=free, A=archive, TAMS=top-at-mark-start (previous, next)
|   0|0x0000000082a00000, 0x0000000082b00000, 0x0000000082b00000|100%|HS|  |TAMS 0x0000000082a00000, 0x0000000082a00000| Complete 
|   1|0x0000000082b00000, 0x0000000082c00000, 0x0000000082c00000|100%|HC|  |TAMS 0x0000000082b00000, 0x0000000082b00000| Complete 
|   2|0x0000000082c00000, 0x0000000082d00000, 0x0000000082d00000|100%|HC|  |TAMS 0x0000000082c00000, 0x0000000082c00000| Complete 
|   3|0x0000000082d00000, 0x0000000082d00000, 0x0000000082e00000|  0%| F|  |TAMS 0x0000000082d00000, 0x0000000082d00000| Untracked 
|   4|0x0000000082e00000, 0x0000000082e00000, 0x0000000082f00000|  0%| F|  |TAMS 0x0000000082e00000, 0x0000000082e00000| Untracked 
|   5|0x0000000082f00000, 0x0000000082f00000, 0x0000000083000000|  0%| F|  |TAMS 0x0000000082f00000, 0x0000000082f00000| Untracked 
|   6|0x0000000083000000, 0x0000000083000000, 0x0000000083100000|  0%| F|  |TAMS 0x0000000083000000, 0x0000000083000000| Untracked 
|   7|0x0000000083100000, 0x0000000083100000, 0x0000000083200000|  0%| F|  |TAMS 0x0000000083100000, 0x0000000083100000| Untracked 
|   8|0x0000000083200000, 0x0000000083200000, 0x0000000083300000|  0%| F|  |TAMS 0x0000000083200000, 0x0000000083200000| Untracked 
|   9|0x0000000083300000, 0x0000000083300000, 0x0000000083400000|  0%| F|  |TAMS 0x0000000083300000, 0x0000000083300000| Untracked 
|  10|0x0000000083400000, 0x0000000083400000, 0x0000000083500000|  0%| F|  |TAMS 0x0000000083400000, 0x0000000083400000| Untracked 
|  11|0x0000000083500000, 0x0000000083500000, 0x0000000083600000|  0%| F|  |TAMS 0x0000000083500000, 0x0000000083500000| Untracked 
|  12|0x0000000083600000, 0x0000000083600000, 0x0000000083700000|  0%| F|  |TAMS 0x0000000083600000, 0x0000000083600000| Untracked 
|  13|0x0000000083700000, 0x0000000083700000, 0x0000000083800000|  0%| F|  |TAMS 0x0000000083700000, 0x0000000083700000| Untracked 
|  14|0x0000000083800000, 0x0000000083800000, 0x0000000083900000|  0%| F|  |TAMS 0x0000000083800000, 0x0000000083800000| Untracked 
|  15|0x0000000083900000, 0x0000000083900000, 0x0000000083a00000|  0%| F|  |TAMS 0x0000000083900000, 0x0000000083900000| Untracked 
|  16|0x0000000083a00000, 0x0000000083a00000, 0x0000000083b00000|  0%| F|  |TAMS 0x0000000083a00000, 0x0000000083a00000| Untracked 
|  17|0x0000000083b00000, 0x0000000083b00000, 0x0000000083c00000|  0%| F|  |TAMS 0x0000000083b00000, 0x0000000083b00000| Untracked 
|  18|0x0000000083c00000, 0x0000000083c00000, 0x0000000083d00000|  0%| F|  |TAMS 0x0000000083c00000, 0x0000000083c00000| Untracked 
|  19|0x0000000083d00000, 0x0000000083d00000, 0x0000000083e00000|  0%| F|  |TAMS 0x0000000083d00000, 0x0000000083d00000| Untracked 
|  20|0x0000000083e00000, 0x0000000083e00000, 0x0000000083f00000|  0%| F|  |TAMS 0x0000000083e00000, 0x0000000083e00000| Untracked 
|  21|0x0000000083f00000, 0x0000000083f00000, 0x0000000084000000|  0%| F|  |TAMS 0x0000000083f00000, 0x0000000083f00000| Untracked 
|  22|0x0000000084000000, 0x0000000084000000, 0x0000000084100000|  0%| F|  |TAMS 0x0000000084000000, 0x0000000084000000| Untracked 
|  23|0x0000000084100000, 0x0000000084100000, 0x0000000084200000|  0%| F|  |TAMS 0x0000000084100000, 0x0000000084100000| Untracked 
|  24|0x0000000084200000, 0x0000000084200000, 0x0000000084300000|  0%| F|  |TAMS 0x0000000084200000, 0x0000000084200000| Untracked 
|  25|0x0000000084300000, 0x0000000084300000, 0x0000000084400000|  0%| F|  |TAMS 0x0000000084300000, 0x0000000084300000| Untracked 
|  26|0x0000000084400000, 0x0000000084400000, 0x0000000084500000|  0%| F|  |TAMS 0x0000000084400000, 0x0000000084400000| Untracked 
|  27|0x0000000084500000, 0x0000000084500000, 0x0000000084600000|  0%| F|  |TAMS 0x0000000084500000, 0x0000000084500000| Untracked 
|  28|0x0000000084600000, 0x0000000084600000, 0x0000000084700000|  0%| F|  |TAMS 0x0000000084600000, 0x0000000084600000| Untracked 
|  29|0x0000000084700000, 0x0000000084700000, 0x0000000084800000|  0%| F|  |TAMS 0x0000000084700000, 0x0000000084700000| Untracked 
|  30|0x0000000084800000, 0x0000000084800000, 0x0000000084900000|  0%| F|  |TAMS 0x0000000084800000, 0x0000000084800000| Untracked 
|  31|0x0000000084900000, 0x0000000084900000, 0x0000000084a00000|  0%| F|  |TAMS 0x0000000084900000, 0x0000000084900000| Untracked 
|  32|0x0000000084a00000, 0x0000000084a00000, 0x0000000084b00000|  0%| F|  |TAMS 0x0000000084a00000, 0x0000000084a00000| Untracked 
|  33|0x0000000084b00000, 0x0000000084b00000, 0x0000000084c00000|  0%| F|  |TAMS 0x0000000084b00000, 0x0000000084b00000| Untracked 
|  34|0x0000000084c00000, 0x0000000084c00000, 0x0000000084d00000|  0%| F|  |TAMS 0x0000000084c00000, 0x0000000084c00000| Untracked 
|  35|0x0000000084d00000, 0x0000000084d00000, 0x0000000084e00000|  0%| F|  |TAMS 0x0000000084d00000, 0x0000000084d00000| Untracked 
|  36|0x0000000084e00000, 0x0000000084e00000, 0x0000000084f00000|  0%| F|  |TAMS 0x0000000084e00000, 0x0000000084e00000| Untracked 
|  37|0x0000000084f00000, 0x0000000084f00000, 0x0000000085000000|  0%| F|  |TAMS 0x0000000084f00000, 0x0000000084f00000| Untracked 
|  38|0x0000000085000000, 0x0000000085000000, 0x0000000085100000|  0%| F|  |TAMS 0x0000000085000000, 0x0000000085000000| Untracked 
|  39|0x0000000085100000, 0x0000000085100000, 0x0000000085200000|  0%| F|  |TAMS 0x0000000085100000, 0x0000000085100000| Untracked 
|  40|0x0000000085200000, 0x0000000085200000, 0x0000000085300000|  0%| F|  |TAMS 0x0000000085200000, 0x0000000085200000| Untracked 
|  41|0x0000000085300000, 0x0000000085300000, 0x0000000085400000|  0%| F|  |TAMS 0x0000000085300000, 0x0000000085300000| Untracked 
|  42|0x0000000085400000, 0x0000000085400000, 0x0000000085500000|  0%| F|  |TAMS 0x0000000085400000, 0x0000000085400000| Untracked 
|  43|0x0000000085500000, 0x0000000085500000, 0x0000000085600000|  0%| F|  |TAMS 0x0000000085500000, 0x0000000085500000| Untracked 
|  44|0x0000000085600000, 0x0000000085600000, 0x0000000085700000|  0%| F|  |TAMS 0x0000000085600000, 0x0000000085600000| Untracked 
|  45|0x0000000085700000, 0x0000000085700000, 0x0000000085800000|  0%| F|  |TAMS 0x0000000085700000, 0x0000000085700000| Untracked 
|  46|0x0000000085800000, 0x0000000085800000, 0x0000000085900000|  0%| F|  |TAMS 0x0000000085800000, 0x0000000085800000| Untracked 
|  47|0x0000000085900000, 0x0000000085900000, 0x0000000085a00000|  0%| F|  |TAMS 0x0000000085900000, 0x0000000085900000| Untracked 
|  48|0x0000000085a00000, 0x0000000085a00000, 0x0000000085b00000|  0%| F|  |TAMS 0x0000000085a00000, 0x0000000085a00000| Untracked 
|  49|0x0000000085b00000, 0x0000000085b00000, 0x0000000085c00000|  0%| F|  |TAMS 0x0000000085b00000, 0x0000000085b00000| Untracked 
|  50|0x0000000085c00000, 0x0000000085c00000, 0x0000000085d00000|  0%| F|  |TAMS 0x0000000085c00000, 0x0000000085c00000| Untracked 
|  51|0x0000000085d00000, 0x0000000085d00000, 0x0000000085e00000|  0%| F|  |TAMS 0x0000000085d00000, 0x0000000085d00000| Untracked 
|  52|0x0000000085e00000, 0x0000000085e00000, 0x0000000085f00000|  0%| F|  |TAMS 0x0000000085e00000, 0x0000000085e00000| Untracked 
|  53|0x0000000085f00000, 0x0000000085f00000, 0x0000000086000000|  0%| F|  |TAMS 0x0000000085f00000, 0x0000000085f00000| Untracked 
|  54|0x0000000086000000, 0x0000000086000000, 0x0000000086100000|  0%| F|  |TAMS 0x0000000086000000, 0x0000000086000000| Untracked 
|  55|0x0000000086100000, 0x0000000086100000, 0x0000000086200000|  0%| F|  |TAMS 0x0000000086100000, 0x0000000086100000| Untracked 
|  56|0x0000000086200000, 0x0000000086200000, 0x0000000086300000|  0%| F|  |TAMS 0x0000000086200000, 0x0000000086200000| Untracked 
|  57|0x0000000086300000, 0x0000000086300000, 0x0000000086400000|  0%| F|  |TAMS 0x0000000086300000, 0x0000000086300000| Untracked 
|  58|0x0000000086400000, 0x0000000086400000, 0x0000000086500000|  0%| F|  |TAMS 0x0000000086400000, 0x0000000086400000| Untracked 
|  59|0x0000000086500000, 0x0000000086500000, 0x0000000086600000|  0%| F|  |TAMS 0x0000000086500000, 0x0000000086500000| Untracked 
|  60|0x0000000086600000, 0x0000000086600000, 0x0000000086700000|  0%| F|  |TAMS 0x0000000086600000, 0x0000000086600000| Untracked 
|  61|0x0000000086700000, 0x0000000086700000, 0x0000000086800000|  0%| F|  |TAMS 0x0000000086700000, 0x0000000086700000| Untracked 
|  62|0x0000000086800000, 0x0000000086800000, 0x0000000086900000|  0%| F|  |TAMS 0x0000000086800000, 0x0000000086800000| Untracked 
|  63|0x0000000086900000, 0x0000000086900000, 0x0000000086a00000|  0%| F|  |TAMS 0x0000000086900000, 0x0000000086900000| Untracked 
|  64|0x0000000086a00000, 0x0000000086a00000, 0x0000000086b00000|  0%| F|  |TAMS 0x0000000086a00000, 0x0000000086a00000| Untracked 
|  65|0x0000000086b00000, 0x0000000086b00000, 0x0000000086c00000|  0%| F|  |TAMS 0x0000000086b00000, 0x0000000086b00000| Untracked 
|  66|0x0000000086c00000, 0x0000000086c00000, 0x0000000086d00000|  0%| F|  |TAMS 0x0000000086c00000, 0x0000000086c00000| Untracked 
|  67|0x0000000086d00000, 0x0000000086d00000, 0x0000000086e00000|  0%| F|  |TAMS 0x0000000086d00000, 0x0000000086d00000| Untracked 
|  68|0x0000000086e00000, 0x0000000086e00000, 0x0000000086f00000|  0%| F|  |TAMS 0x0000000086e00000, 0x0000000086e00000| Untracked 
|  69|0x0000000086f00000, 0x0000000086f00000, 0x0000000087000000|  0%| F|  |TAMS 0x0000000086f00000, 0x0000000086f00000| Untracked 
|  70|0x0000000087000000, 0x0000000087000000, 0x0000000087100000|  0%| F|  |TAMS 0x0000000087000000, 0x0000000087000000| Untracked 
|  71|0x0000000087100000, 0x0000000087100000, 0x0000000087200000|  0%| F|  |TAMS 0x0000000087100000, 0x0000000087100000| Untracked 
|  72|0x0000000087200000, 0x0000000087200000, 0x0000000087300000|  0%| F|  |TAMS 0x0000000087200000, 0x0000000087200000| Untracked 
|  73|0x0000000087300000, 0x0000000087300000, 0x0000000087400000|  0%| F|  |TAMS 0x0000000087300000, 0x0000000087300000| Untracked 
|  74|0x0000000087400000, 0x0000000087400000, 0x0000000087500000|  0%| F|  |TAMS 0x0000000087400000, 0x0000000087400000| Untracked 
|  75|0x0000000087500000, 0x0000000087500000, 0x0000000087600000|  0%| F|  |TAMS 0x0000000087500000, 0x0000000087500000| Untracked 
|  76|0x0000000087600000, 0x0000000087600000, 0x0000000087700000|  0%| F|  |TAMS 0x0000000087600000, 0x0000000087600000| Untracked 
|  77|0x0000000087700000, 0x0000000087700000, 0x0000000087800000|  0%| F|  |TAMS 0x0000000087700000, 0x0000000087700000| Untracked 
|  78|0x0000000087800000, 0x0000000087800000, 0x0000000087900000|  0%| F|  |TAMS 0x0000000087800000, 0x0000000087800000| Untracked 
|  79|0x0000000087900000, 0x0000000087900000, 0x0000000087a00000|  0%| F|  |TAMS 0x0000000087900000, 0x0000000087900000| Untracked 
|  80|0x0000000087a00000, 0x0000000087a00000, 0x0000000087b00000|  0%| F|  |TAMS 0x0000000087a00000, 0x0000000087a00000| Untracked 
|  81|0x0000000087b00000, 0x0000000087b00000, 0x0000000087c00000|  0%| F|  |TAMS 0x0000000087b00000, 0x0000000087b00000| Untracked 
|  82|0x0000000087c00000, 0x0000000087c00000, 0x0000000087d00000|  0%| F|  |TAMS 0x0000000087c00000, 0x0000000087c00000| Untracked 
|  83|0x0000000087d00000, 0x0000000087d00000, 0x0000000087e00000|  0%| F|  |TAMS 0x0000000087d00000, 0x0000000087d00000| Untracked 
|  84|0x0000000087e00000, 0x0000000087e00000, 0x0000000087f00000|  0%| F|  |TAMS 0x0000000087e00000, 0x0000000087e00000| Untracked 
|  85|0x0000000087f00000, 0x0000000087f00000, 0x0000000088000000|  0%| F|  |TAMS 0x0000000087f00000, 0x0000000087f00000| Untracked 
|  86|0x0000000088000000, 0x0000000088000000, 0x0000000088100000|  0%| F|  |TAMS 0x0000000088000000, 0x0000000088000000| Untracked 
|  87|0x0000000088100000, 0x0000000088100000, 0x0000000088200000|  0%| F|  |TAMS 0x0000000088100000, 0x0000000088100000| Untracked 
|  88|0x0000000088200000, 0x0000000088200000, 0x0000000088300000|  0%| F|  |TAMS 0x0000000088200000, 0x0000000088200000| Untracked 
|  89|0x0000000088300000, 0x0000000088300000, 0x0000000088400000|  0%| F|  |TAMS 0x0000000088300000, 0x0000000088300000| Untracked 
|  90|0x0000000088400000, 0x0000000088400000, 0x0000000088500000|  0%| F|  |TAMS 0x0000000088400000, 0x0000000088400000| Untracked 
|  91|0x0000000088500000, 0x0000000088500000, 0x0000000088600000|  0%| F|  |TAMS 0x0000000088500000, 0x0000000088500000| Untracked 
|  92|0x0000000088600000, 0x0000000088600000, 0x0000000088700000|  0%| F|  |TAMS 0x0000000088600000, 0x0000000088600000| Untracked 
|  93|0x0000000088700000, 0x0000000088700000, 0x0000000088800000|  0%| F|  |TAMS 0x0000000088700000, 0x0000000088700000| Untracked 
|  94|0x0000000088800000, 0x0000000088800000, 0x0000000088900000|  0%| F|  |TAMS 0x0000000088800000, 0x0000000088800000| Untracked 
|  95|0x0000000088900000, 0x0000000088900000, 0x0000000088a00000|  0%| F|  |TAMS 0x0000000088900000, 0x0000000088900000| Untracked 
|  96|0x0000000088a00000, 0x0000000088a00000, 0x0000000088b00000|  0%| F|  |TAMS 0x0000000088a00000, 0x0000000088a00000| Untracked 
|  97|0x0000000088b00000, 0x0000000088b00000, 0x0000000088c00000|  0%| F|  |TAMS 0x0000000088b00000, 0x0000000088b00000| Untracked 
|  98|0x0000000088c00000, 0x0000000088c00000, 0x0000000088d00000|  0%| F|  |TAMS 0x0000000088c00000, 0x0000000088c00000| Untracked 
|  99|0x0000000088d00000, 0x0000000088ddb290, 0x0000000088e00000| 85%| S|CS|TAMS 0x0000000088d00000, 0x0000000088d00000| Complete 
| 100|0x0000000088e00000, 0x0000000088f00000, 0x0000000088f00000|100%| S|CS|TAMS 0x0000000088e00000, 0x0000000088e00000| Complete 
| 101|0x0000000088f00000, 0x0000000089000000, 0x0000000089000000|100%| S|CS|TAMS 0x0000000088f00000, 0x0000000088f00000| Complete 
| 102|0x0000000089000000, 0x0000000089000000, 0x0000000089100000|  0%| F|  |TAMS 0x0000000089000000, 0x0000000089000000| Untracked 
| 103|0x0000000089100000, 0x0000000089100000, 0x0000000089200000|  0%| F|  |TAMS 0x0000000089100000, 0x0000000089100000| Untracked 
| 104|0x0000000089200000, 0x0000000089200000, 0x0000000089300000|  0%| F|  |TAMS 0x0000000089200000, 0x0000000089200000| Untracked 
| 105|0x0000000089300000, 0x0000000089300000, 0x0000000089400000|  0%| F|  |TAMS 0x0000000089300000, 0x0000000089300000| Untracked 
| 106|0x0000000089400000, 0x0000000089400000, 0x0000000089500000|  0%| F|  |TAMS 0x0000000089400000, 0x0000000089400000| Untracked 
| 107|0x0000000089500000, 0x0000000089500000, 0x0000000089600000|  0%| F|  |TAMS 0x0000000089500000, 0x0000000089500000| Untracked 
| 108|0x0000000089600000, 0x0000000089600000, 0x0000000089700000|  0%| F|  |TAMS 0x0000000089600000, 0x0000000089600000| Untracked 
| 109|0x0000000089700000, 0x0000000089700000, 0x0000000089800000|  0%| F|  |TAMS 0x0000000089700000, 0x0000000089700000| Untracked 
| 110|0x0000000089800000, 0x0000000089800000, 0x0000000089900000|  0%| F|  |TAMS 0x0000000089800000, 0x0000000089800000| Untracked 
| 111|0x0000000089900000, 0x0000000089900000, 0x0000000089a00000|  0%| F|  |TAMS 0x0000000089900000, 0x0000000089900000| Untracked 
| 112|0x0000000089a00000, 0x0000000089a00000, 0x0000000089b00000|  0%| F|  |TAMS 0x0000000089a00000, 0x0000000089a00000| Untracked 
| 113|0x0000000089b00000, 0x0000000089b00000, 0x0000000089c00000|  0%| F|  |TAMS 0x0000000089b00000, 0x0000000089b00000| Untracked 
| 114|0x0000000089c00000, 0x0000000089c00000, 0x0000000089d00000|  0%| F|  |TAMS 0x0000000089c00000, 0x0000000089c00000| Untracked 
| 115|0x0000000089d00000, 0x0000000089d00000, 0x0000000089e00000|  0%| F|  |TAMS 0x0000000089d00000, 0x0000000089d00000| Untracked 
| 116|0x0000000089e00000, 0x0000000089e00000, 0x0000000089f00000|  0%| F|  |TAMS 0x0000000089e00000, 0x0000000089e00000| Untracked 
| 117|0x0000000089f00000, 0x0000000089f00000, 0x000000008a000000|  0%| F|  |TAMS 0x0000000089f00000, 0x0000000089f00000| Untracked 
| 118|0x000000008a000000, 0x000000008a000000, 0x000000008a100000|  0%| F|  |TAMS 0x000000008a000000, 0x000000008a000000| Untracked 
| 119|0x000000008a100000, 0x000000008a200000, 0x000000008a200000|100%| E|  |TAMS 0x000000008a100000, 0x000000008a100000| Complete 
| 120|0x000000008a200000, 0x000000008a300000, 0x000000008a300000|100%| E|CS|TAMS 0x000000008a200000, 0x000000008a200000| Complete 
| 121|0x000000008a300000, 0x000000008a400000, 0x000000008a400000|100%| E|CS|TAMS 0x000000008a300000, 0x000000008a300000| Complete 
| 122|0x000000008a400000, 0x000000008a500000, 0x000000008a500000|100%| E|CS|TAMS 0x000000008a400000, 0x000000008a400000| Complete 
| 123|0x000000008a500000, 0x000000008a600000, 0x000000008a600000|100%| E|CS|TAMS 0x000000008a500000, 0x000000008a500000| Complete 
| 124|0x000000008a600000, 0x000000008a700000, 0x000000008a700000|100%| E|CS|TAMS 0x000000008a600000, 0x000000008a600000| Complete 
| 125|0x000000008a700000, 0x000000008a800000, 0x000000008a800000|100%| E|CS|TAMS 0x000000008a700000, 0x000000008a700000| Complete 

Card table byte_map: [0x000001bd71800000,0x000001bd71bf0000] _byte_map_base: 0x000001bd713eb000

Marking Bits (Prev, Next): (CMBitMap*) 0x000001bd689f2f38, (CMBitMap*) 0x000001bd689f2f70
 Prev Bits: [0x000001bd71fe0000, 0x000001bd73f38000)
 Next Bits: [0x000001bd73f40000, 0x000001bd75e98000)

Polling page: 0x000001bd68190000

Metaspace:

Usage:
  Non-class:     12.16 MB capacity,    12.09 MB (>99%) used,    64.01 KB ( <1%) free+waste,     9.31 KB ( <1%) overhead. 
      Class:      1.30 MB capacity,     1.28 MB ( 98%) used,    23.27 KB (  2%) free+waste,     2.81 KB ( <1%) overhead. 
       Both:     13.46 MB capacity,    13.36 MB (>99%) used,    87.27 KB ( <1%) free+waste,    12.13 KB ( <1%) overhead. 

Virtual space:
  Non-class space:       14.00 MB reserved,      12.25 MB ( 88%) committed 
      Class space:        1.00 GB reserved,       1.38 MB ( <1%) committed 
             Both:        1.01 GB reserved,      13.63 MB (  1%) committed 

Chunk freelists:
   Non-Class:  31.00 KB
       Class:  9.00 KB
        Both:  40.00 KB

MaxMetaspaceSize: 17179869184.00 GB
CompressedClassSpaceSize: 1.00 GB
Initial GC threshold: 20.80 MB
Current GC threshold: 20.80 MB
CDS: off

CodeHeap 'non-profiled nmethods': size=120000Kb used=229Kb max_used=229Kb free=119770Kb
 bounds [0x000001bd07ad0000, 0x000001bd07d40000, 0x000001bd0f000000]
CodeHeap 'profiled nmethods': size=120000Kb used=1362Kb max_used=1362Kb free=118637Kb
 bounds [0x000001bd005a0000, 0x000001bd00810000, 0x000001bd07ad0000]
CodeHeap 'non-nmethods': size=5760Kb used=1134Kb max_used=1147Kb free=4625Kb
 bounds [0x000001bd00000000, 0x000001bd00270000, 0x000001bd005a0000]
 total_blobs=1173 nmethods=788 adapters=298
 compilation: enabled
              stopped_count=0, restarted_count=0
 full_count=0

Compilation events (20 events):
Event: 3.268 Thread 0x000001bd78918000  780       3       kotlin.reflect.jvm.internal.impl.protobuf.SmallSortedMap::binarySearchInArray (133 bytes)
Event: 3.269 Thread 0x000001bd78918000 nmethod 780 0x000001bd006f2410 code [0x000001bd006f2660, 0x000001bd006f3008]
Event: 3.269 Thread 0x000001bd78918000  781       3       kotlin.reflect.jvm.internal.impl.metadata.ProtoBuf$ValueParameter::initFields (35 bytes)
Event: 3.269 Thread 0x000001bd78918000 nmethod 781 0x000001bd006f3290 code [0x000001bd006f3460, 0x000001bd006f3718]
Event: 3.269 Thread 0x000001bd78918000  782       3       kotlin.reflect.jvm.internal.impl.metadata.ProtoBuf$ValueParameter$1::parsePartialFrom (7 bytes)
Event: 3.269 Thread 0x000001bd78918000 nmethod 782 0x000001bd006f3810 code [0x000001bd006f39e0, 0x000001bd006f3c48]
Event: 3.271 Thread 0x000001bd78918000  783       3       kotlin.reflect.jvm.internal.impl.protobuf.ExtensionRegistryLite$ObjectIntPair::<init> (15 bytes)
Event: 3.271 Thread 0x000001bd78918000 nmethod 783 0x000001bd006f3d90 code [0x000001bd006f3f40, 0x000001bd006f40f8]
Event: 3.271 Thread 0x000001bd78918000  784       3       kotlin.reflect.jvm.internal.impl.protobuf.ExtensionRegistryLite$ObjectIntPair::hashCode (16 bytes)
Event: 3.272 Thread 0x000001bd78918000 nmethod 784 0x000001bd006f4190 code [0x000001bd006f4340, 0x000001bd006f4488]
Event: 3.272 Thread 0x000001bd78918000  785       3       kotlin.reflect.jvm.internal.impl.protobuf.FieldSet::getWireFormatForFieldType (11 bytes)
Event: 3.272 Thread 0x000001bd78918000 nmethod 785 0x000001bd006f4510 code [0x000001bd006f46c0, 0x000001bd006f4898]
Event: 3.273 Thread 0x000001bd78918000  786   !   3       kotlin.reflect.jvm.internal.impl.metadata.ProtoBuf$Function::<init> (1410 bytes)
Event: 3.277 Thread 0x000001bd78911000 nmethod 776 0x000001bd07b07e90 code [0x000001bd07b08060, 0x000001bd07b08588]
Event: 3.277 Thread 0x000001bd78911000  789       4       kotlin.reflect.jvm.internal.impl.protobuf.CodedInputStream::recomputeBufferSizeAfterLimit (63 bytes)
Event: 3.278 Thread 0x000001bd78911000 nmethod 789 0x000001bd07b08a10 code [0x000001bd07b08ba0, 0x000001bd07b08c38]
Event: 3.280 Thread 0x000001bd78911000  795       4       kotlin.reflect.jvm.internal.impl.protobuf.CodedInputStream::readInt32 (5 bytes)
Event: 3.286 Thread 0x000001bd78911000 nmethod 795 0x000001bd07b08d10 code [0x000001bd07b08ec0, 0x000001bd07b09128]
Event: 3.286 Thread 0x000001bd78911000  796       4       kotlin.reflect.jvm.internal.impl.protobuf.GeneratedMessageLite::makeExtensionsImmutable (1 bytes)
Event: 3.286 Thread 0x000001bd78911000 nmethod 796 0x000001bd07b09310 code [0x000001bd07b094a0, 0x000001bd07b094f8]

GC Heap History (2 events):
Event: 2.798 GC heap before
{Heap before GC invocations=0 (full 0):
 garbage-first heap   total 129024K, used 27648K [0x0000000082a00000, 0x0000000100000000)
  region size 1024K, 24 young (24576K), 0 survivors (0K)
 Metaspace       used 12368K, capacity 12504K, committed 12800K, reserved 1060864K
  class space    used 1151K, capacity 1207K, committed 1280K, reserved 1048576K
}
Event: 2.806 GC heap after
{Heap after GC invocations=1 (full 0):
 garbage-first heap   total 129024K, used 5996K [0x0000000082a00000, 0x0000000100000000)
  region size 1024K, 3 young (3072K), 3 survivors (3072K)
 Metaspace       used 12368K, capacity 12504K, committed 12800K, reserved 1060864K
  class space    used 1151K, capacity 1207K, committed 1280K, reserved 1048576K
}

Deoptimization events (20 events):
Event: 0.527 Thread 0x000001bd689b4000 DEOPT PACKING pc=0x000001bd005c4e0e sp=0x00000034d38fac10
Event: 0.528 Thread 0x000001bd689b4000 DEOPT UNPACKING pc=0x000001bd0004a95e sp=0x00000034d38fa0b0 mode 0
Event: 0.528 Thread 0x000001bd689b4000 DEOPT PACKING pc=0x000001bd005c4e0e sp=0x00000034d38fac10
Event: 0.528 Thread 0x000001bd689b4000 DEOPT UNPACKING pc=0x000001bd0004a95e sp=0x00000034d38fa0b0 mode 0
Event: 0.528 Thread 0x000001bd689b4000 DEOPT PACKING pc=0x000001bd005c4e0e sp=0x00000034d38fac10
Event: 0.528 Thread 0x000001bd689b4000 DEOPT UNPACKING pc=0x000001bd0004a95e sp=0x00000034d38fa0b0 mode 0
Event: 0.528 Thread 0x000001bd689b4000 DEOPT PACKING pc=0x000001bd005c4e0e sp=0x00000034d38fac10
Event: 0.528 Thread 0x000001bd689b4000 DEOPT UNPACKING pc=0x000001bd0004a95e sp=0x00000034d38fa0b0 mode 0
Event: 0.982 Thread 0x000001bd689b4000 DEOPT PACKING pc=0x000001bd005e7aa2 sp=0x00000034d38fd030
Event: 0.982 Thread 0x000001bd689b4000 DEOPT UNPACKING pc=0x000001bd0004a95e sp=0x00000034d38fc498 mode 0
Event: 1.065 Thread 0x000001bd689b4000 DEOPT PACKING pc=0x000001bd005cb8d0 sp=0x00000034d38ef870
Event: 1.065 Thread 0x000001bd689b4000 DEOPT UNPACKING pc=0x000001bd0004a95e sp=0x00000034d38eecf8 mode 0
Event: 1.421 Thread 0x000001bd689b4000 Uncommon trap: trap_request=0xffffff4d fr.pc=0x000001bd07aea8f4 relative=0x00000000000003b4
Event: 1.421 Thread 0x000001bd689b4000 Uncommon trap: reason=unstable_if action=reinterpret pc=0x000001bd07aea8f4 method=org.jetbrains.kotlin.cli.common.arguments.PreprocessCommandLineArgumentsKt.nextChar(Ljava/io/Reader;)Ljava/lang/Character; @ 20 c2
Event: 1.421 Thread 0x000001bd689b4000 DEOPT PACKING pc=0x000001bd07aea8f4 sp=0x00000034d38fee70
Event: 1.421 Thread 0x000001bd689b4000 DEOPT UNPACKING pc=0x000001bd0004a1af sp=0x00000034d38fee30 mode 2
Event: 2.633 Thread 0x000001bd689b4000 DEOPT PACKING pc=0x000001bd005f5530 sp=0x00000034d38fb930
Event: 2.633 Thread 0x000001bd689b4000 DEOPT UNPACKING pc=0x000001bd0004a95e sp=0x00000034d38fae48 mode 0
Event: 3.009 Thread 0x000001bd689b4000 DEOPT PACKING pc=0x000001bd005e95dd sp=0x00000034d38fcf20
Event: 3.009 Thread 0x000001bd689b4000 DEOPT UNPACKING pc=0x000001bd0004a95e sp=0x00000034d38fc370 mode 0

Classes redefined (0 events):
No events

Internal exceptions (0 events):
No events

Events (20 events):
Event: 3.250 loading class kotlin/reflect/jvm/internal/impl/metadata/ProtoBuf$QualifiedNameTable$QualifiedName$Kind
Event: 3.250 loading class kotlin/reflect/jvm/internal/impl/metadata/ProtoBuf$QualifiedNameTable$QualifiedName$Kind done
Event: 3.251 loading class kotlin/reflect/jvm/internal/impl/metadata/ProtoBuf$QualifiedNameTable$QualifiedName$Kind$1
Event: 3.251 loading class kotlin/reflect/jvm/internal/impl/metadata/ProtoBuf$QualifiedNameTable$QualifiedName$Kind$1 done
Event: 3.252 loading class kotlin/reflect/jvm/internal/impl/metadata/ProtoBuf$Annotation$Builder
Event: 3.252 loading class kotlin/reflect/jvm/internal/impl/metadata/ProtoBuf$Annotation$Builder done
Event: 3.255 loading class kotlin/reflect/jvm/internal/impl/metadata/ProtoBuf$Annotation$Argument
Event: 3.255 loading class kotlin/reflect/jvm/internal/impl/metadata/ProtoBuf$Annotation$Argument done
Event: 3.255 loading class kotlin/reflect/jvm/internal/impl/metadata/ProtoBuf$Annotation$ArgumentOrBuilder
Event: 3.255 loading class kotlin/reflect/jvm/internal/impl/metadata/ProtoBuf$Annotation$ArgumentOrBuilder done
Event: 3.259 loading class kotlin/reflect/jvm/internal/impl/metadata/ProtoBuf$Annotation$Argument$1
Event: 3.259 loading class kotlin/reflect/jvm/internal/impl/metadata/ProtoBuf$Annotation$Argument$1 done
Event: 3.262 loading class kotlin/reflect/jvm/internal/impl/metadata/ProtoBuf$Annotation$Argument$Value$Builder
Event: 3.262 loading class kotlin/reflect/jvm/internal/impl/metadata/ProtoBuf$Annotation$Argument$Value$Builder done
Event: 3.285 loading class kotlin/reflect/jvm/internal/impl/metadata/deserialization/NameResolverImpl
Event: 3.285 loading class kotlin/reflect/jvm/internal/impl/metadata/deserialization/NameResolverImpl done
Event: 3.286 loading class kotlin/reflect/jvm/internal/impl/serialization/deserialization/ProtoBasedClassDataFinder
Event: 3.286 loading class kotlin/reflect/jvm/internal/impl/serialization/deserialization/ProtoBasedClassDataFinder done
Event: 3.287 loading class kotlin/reflect/jvm/internal/impl/serialization/deserialization/DeserializedPackageFragmentImpl$classDataFinder$1
Event: 3.287 loading class kotlin/reflect/jvm/internal/impl/serialization/deserialization/DeserializedPackageFragmentImpl$classDataFinder$1 done


Dynamic libraries:
0x00007ff7fc440000 - 0x00007ff7fc44d000 	C:\Program Files\OpenJDK\openjdk-11.0.13_8\bin\java.exe
0x00007ff9dc750000 - 0x00007ff9dc948000 	C:\WINDOWS\SYSTEM32\ntdll.dll
0x00007ff9dbd80000 - 0x00007ff9dbe3f000 	C:\WINDOWS\System32\KERNEL32.DLL
0x00007ff9d9ee0000 - 0x00007ff9da1b2000 	C:\WINDOWS\System32\KERNELBASE.dll
0x00007ff9da3d0000 - 0x00007ff9da4d0000 	C:\WINDOWS\System32\ucrtbase.dll
0x00007ff9ce8e0000 - 0x00007ff9ce8f8000 	C:\Program Files\OpenJDK\openjdk-11.0.13_8\bin\jli.dll
0x00007ff9db2c0000 - 0x00007ff9db461000 	C:\WINDOWS\System32\USER32.dll
0x00007ff9da5e0000 - 0x00007ff9da602000 	C:\WINDOWS\System32\win32u.dll
0x00007ff9dc200000 - 0x00007ff9dc22b000 	C:\WINDOWS\System32\GDI32.dll
0x00007ff9da4d0000 - 0x00007ff9da5df000 	C:\WINDOWS\System32\gdi32full.dll
0x00007ff9da6f0000 - 0x00007ff9da78d000 	C:\WINDOWS\System32\msvcp_win.dll
0x00007ff9ce8c0000 - 0x00007ff9ce8d6000 	C:\Program Files\OpenJDK\openjdk-11.0.13_8\bin\VCRUNTIME140.dll
0x00007ff9c0850000 - 0x00007ff9c0aea000 	C:\WINDOWS\WinSxS\amd64_microsoft.windows.common-controls_6595b64144ccf1df_6.0.19041.1110_none_60b5254171f9507e\COMCTL32.dll
0x00007ff9db980000 - 0x00007ff9dba1e000 	C:\WINDOWS\System32\msvcrt.dll
0x00007ff9dc2b0000 - 0x00007ff9dc2e2000 	C:\WINDOWS\System32\IMM32.DLL
0x00007ff9a0bd0000 - 0x00007ff9a0c7a000 	C:\Program Files\OpenJDK\openjdk-11.0.13_8\bin\msvcp140.dll
0x00007ff9593d0000 - 0x00007ff959f1c000 	C:\Program Files\OpenJDK\openjdk-11.0.13_8\bin\server\jvm.dll
0x00007ff9dc4d0000 - 0x00007ff9dc57e000 	C:\WINDOWS\System32\ADVAPI32.dll
0x00007ff9dc430000 - 0x00007ff9dc4cc000 	C:\WINDOWS\System32\sechost.dll
0x00007ff9db190000 - 0x00007ff9db2b5000 	C:\WINDOWS\System32\RPCRT4.dll
0x00007ff9dc1f0000 - 0x00007ff9dc1f8000 	C:\WINDOWS\System32\PSAPI.DLL
0x00007ff9d3960000 - 0x00007ff9d3969000 	C:\WINDOWS\SYSTEM32\WSOCK32.dll
0x00007ff9dc0a0000 - 0x00007ff9dc10b000 	C:\WINDOWS\System32\WS2_32.dll
0x00007ff9c15e0000 - 0x00007ff9c1607000 	C:\WINDOWS\SYSTEM32\WINMM.dll
0x00007ff9d0050000 - 0x00007ff9d005a000 	C:\WINDOWS\SYSTEM32\VERSION.dll
0x00007ff9d8650000 - 0x00007ff9d8662000 	C:\WINDOWS\SYSTEM32\kernel.appcore.dll
0x00007ff9aee30000 - 0x00007ff9aee41000 	C:\Program Files\OpenJDK\openjdk-11.0.13_8\bin\verify.dll
0x00007ff9d4b70000 - 0x00007ff9d4d54000 	C:\WINDOWS\SYSTEM32\DBGHELP.DLL
0x00007ff9ce250000 - 0x00007ff9ce285000 	C:\WINDOWS\SYSTEM32\dbgcore.DLL
0x00007ff9da610000 - 0x00007ff9da692000 	C:\WINDOWS\System32\bcryptPrimitives.dll
0x00007ff9a89c0000 - 0x00007ff9a89e9000 	C:\Program Files\OpenJDK\openjdk-11.0.13_8\bin\java.dll
0x00007ff9c5b20000 - 0x00007ff9c5b2a000 	C:\Program Files\OpenJDK\openjdk-11.0.13_8\bin\jimage.dll
0x00007ff9adb90000 - 0x00007ff9adba7000 	C:\Program Files\OpenJDK\openjdk-11.0.13_8\bin\zip.dll
0x00007ff9da8c0000 - 0x00007ff9db004000 	C:\WINDOWS\System32\SHELL32.dll
0x00007ff9d7ea0000 - 0x00007ff9d8632000 	C:\WINDOWS\SYSTEM32\windows.storage.dll
0x00007ff9dba20000 - 0x00007ff9dbd75000 	C:\WINDOWS\System32\combase.dll
0x00007ff9d9830000 - 0x00007ff9d9860000 	C:\WINDOWS\SYSTEM32\Wldp.dll
0x00007ff9dbe40000 - 0x00007ff9dbeed000 	C:\WINDOWS\System32\SHCORE.dll
0x00007ff9dc6b0000 - 0x00007ff9dc705000 	C:\WINDOWS\System32\shlwapi.dll
0x00007ff9d9d80000 - 0x00007ff9d9d9f000 	C:\WINDOWS\SYSTEM32\profapi.dll
0x00007ff9abb50000 - 0x00007ff9abb69000 	C:\Program Files\OpenJDK\openjdk-11.0.13_8\bin\net.dll
0x00007ff9d1710000 - 0x00007ff9d181c000 	C:\WINDOWS\SYSTEM32\WINHTTP.dll
0x00007ff9d94e0000 - 0x00007ff9d954a000 	C:\WINDOWS\system32\mswsock.dll
0x00007ff9aaf90000 - 0x00007ff9aafa3000 	C:\Program Files\OpenJDK\openjdk-11.0.13_8\bin\nio.dll

dbghelp: loaded successfully - version: 4.0.5 - missing functions: none
symbol engine: initialized successfully - sym options: 0x614 - pdb path: .;C:\Program Files\OpenJDK\openjdk-11.0.13_8\bin;C:\WINDOWS\SYSTEM32;C:\WINDOWS\WinSxS\amd64_microsoft.windows.common-controls_6595b64144ccf1df_6.0.19041.1110_none_60b5254171f9507e;C:\Program Files\OpenJDK\openjdk-11.0.13_8\bin\server

VM Arguments:
java_command: org.jetbrains.kotlin.cli.jvm.K2JVMCompiler @C:\Users\hetvr\Documents\ssip\UserMobile\node_modules\react-native-screens\android\build\20230205_2308004342970979214.compiler.options
java_class_path (initial): C:\Users\hetvr\.gradle\caches\modules-2\files-2.1\org.jetbrains.kotlin\kotlin-compiler-embeddable\1.6.21\97bdd5a752ce73b58ef16c17bc7f0ea2faff7a2e\kotlin-compiler-embeddable-1.6.21.jar;C:\Users\hetvr\.gradle\caches\modules-2\files-2.1\org.jetbrains.kotlin\kotlin-reflect\1.6.21\5dc3574d9b7bebfcb4ec6b10ada4aaa9e140bd0b\kotlin-reflect-1.6.21.jar;C:\Users\hetvr\.gradle\caches\modules-2\files-2.1\org.jetbrains.kotlin\kotlin-stdlib\1.6.21\11ef67f1900634fd951bad28c53ec957fabbe5b8\kotlin-stdlib-1.6.21.jar;C:\Users\hetvr\.gradle\caches\modules-2\files-2.1\org.jetbrains.kotlin\kotlin-script-runtime\1.6.21\99c6675100da5d6d5b1c5a1032f27f28008d101b\kotlin-script-runtime-1.6.21.jar;C:\Users\hetvr\.gradle\caches\modules-2\files-2.1\org.jetbrains.kotlin\kotlin-daemon-embeddable\1.6.21\46b78cf392e1c4f10854c3cadba44abb7b82250f\kotlin-daemon-embeddable-1.6.21.jar;C:\Users\hetvr\.gradle\caches\modules-2\files-2.1\org.jetbrains.intellij.deps\trove4j\1.0.20200330\3afb14d5f9ceb459d724e907a21145e8ff394f02\trove4j-1.0.20200330.jar;C:\Users\hetvr\.gradle\caches\modules-2\files-2.1\net.java.dev.jna\jna\5.6.0\330f2244e9030119ab3030fc3fededc86713d9cc\jna-5.6.0.jar;C:\Users\hetvr\.gradle\caches\modules-2\files-2.1\org.jetbrains.kotlin\kotlin-stdlib-common\1.6.21\5e5b55c26dbc80372a920aef60eb774b714559b8\kotlin-stdlib-common-1.6.21.jar;C:\Users\hetvr\.gradle\caches\modules-2\files-2.1\org.jetbrains\annotations\13.0\919f0dfe192fb4e063e7dacadee7f8bb9a2672a9\annotations-13.0.jar
Launcher Type: SUN_STANDARD

[Global flags]
     intx CICompilerCount                          = 4                                         {product} {ergonomic}
     uint ConcGCThreads                            = 2                                         {product} {ergonomic}
     uint G1ConcRefinementThreads                  = 8                                         {product} {ergonomic}
   size_t G1HeapRegionSize                         = 1048576                                   {product} {ergonomic}
    uintx GCDrainStackTargetSize                   = 64                                        {product} {ergonomic}
   size_t InitialHeapSize                          = 132120576                                 {product} {ergonomic}
   size_t MarkStackSize                            = 4194304                                   {product} {ergonomic}
   size_t MaxHeapSize                              = 2103443456                                {product} {ergonomic}
   size_t MaxNewSize                               = 1261436928                                {product} {ergonomic}
   size_t MinHeapDeltaBytes                        = 1048576                                   {product} {ergonomic}
    uintx NonNMethodCodeHeapSize                   = 5836300                                {pd product} {ergonomic}
    uintx NonProfiledCodeHeapSize                  = 122910970                              {pd product} {ergonomic}
    uintx ProfiledCodeHeapSize                     = 122910970                              {pd product} {ergonomic}
    uintx ReservedCodeCacheSize                    = 251658240                              {pd product} {ergonomic}
     bool SegmentedCodeCache                       = true                                      {product} {ergonomic}
     bool UseCompressedClassPointers               = true                                 {lp64_product} {ergonomic}
     bool UseCompressedOops                        = true                                 {lp64_product} {ergonomic}
     bool UseG1GC                                  = true                                      {product} {ergonomic}
     bool UseLargePagesIndividualAllocation        = false                                  {pd product} {ergonomic}

Logging:
Log output configuration:
 #0: stdout all=warning uptime,level,tags
 #1: stderr all=off uptime,level,tags

Environment Variables:
JAVA_HOME=C:\Program Files\OpenJDK\openjdk-11.0.13_8
CLASSPATH=C:\Users\hetvr\Documents\ssip\UserMobile\android\\gradle\wrapper\gradle-wrapper.jar
PATH=C:\Users\hetvr\Documents\ssip\UserMobile\android\node_modules\.bin;C:\Users\hetvr\Documents\ssip\UserMobile\node_modules\.bin;C:\Users\hetvr\Documents\ssip\node_modules\.bin;C:\Users\hetvr\Documents\node_modules\.bin;C:\Users\hetvr\node_modules\.bin;C:\Users\node_modules\.bin;C:\node_modules\.bin;C:\Program Files\nodejs;C:\Users\hetvr\AppData\Local\Temp\yarn--1675540026259-0.4156735290940763;C:\Users\hetvr\Documents\ssip\UserMobile\node_modules\.bin;C:\Users\hetvr\AppData\Local\Yarn\Data\link\node_modules\.bin;C:\Users\hetvr\AppData\Local\Yarn\bin;C:\Program Files\libexec\lib\node_modules\npm\bin\node-gyp-bin;C:\Program Files\lib\node_modules\npm\bin\node-gyp-bin;C:\Program Files\nodejs\node_modules\npm\bin\node-gyp-bin;C:\Program Files\Common Files\Oracle\Java\javapath;C:\Python310\Scripts\;C:\Python310\;C:\WINDOWS\system32;C:\WINDOWS;C:\WINDOWS\System32\Wbem;C:\WINDOWS\System32\WindowsPowerShell\v1.0\;C:\WINDOWS\System32\OpenSSH\;C:\MinGW\bin;C:\Program Files\MongoDB\Server\5.0\bin;C:\ProgramData\chocolatey\bin;C:\Program Files\nodejs\;C:\Program Files\OpenJDK\openjdk-11.0.13_8\bin;C:\Program Files\Amazon\AWSCLIV2\;C:\Program Files\PuTTY\;C:\Program Files\swipl\bin;C:\Program Files\Git\cmd;C:\Program Files\Git\bin;C:\Users\hetvr\AppData\Local\Android\Sdk\platform-tools;C:\Users\hetvr\AppData\Local\Android\Sdk\tools;C:\Users\hetvr\AppData\Local\Android\Sdk\platform-tools;C:\Users\hetvr\AppData\Local\Android\Sdk\tools;C:\Program Files\OpenJDK\openjdk-11.0.13_8\bin;C:\Users\hetvr\AppData\Local\Microsoft\WindowsApps;C:\Users\hetvr\AppData\Local\Programs\Microsoft VS Code\bin;C:\Program Files\JetBrains\PyCharm Community Edition 2021.3.3\bin;;C:\Users\hetvr\Downloads\flutter_windows_2.5.0-stable.zip\flutter\bin;C:\development\sdks\flutter\bin;C:\Users\hetvr\AppData\Roaming\npm;C:\Users\hetvr\AppData\Local\Programs\mongosh\;C:\Users\hetvr\AppData\Local\GitHubDesktop\bin;C:\Program Files\JetBrains\IntelliJ IDEA Community Edition 2021.3.2\bin;;C:\Users\hetvr\AppData\Loca
USERNAME=hetvr
LANG=en_US.UTF-8
OS=Windows_NT
PROCESSOR_IDENTIFIER=Intel64 Family 6 Model 142 Stepping 12, GenuineIntel



---------------  S Y S T E M  ---------------

OS: Windows 10 , 64 bit Build 19041 (10.0.19041.2364)
OS uptime: 5 days 1:37 hours
Hyper-V role detected

CPU:total 8 (initial active 8) (4 cores per cpu, 2 threads per core) family 6 model 142 stepping 12 microcode 0xc0, cmov, cx8, fxsr, mmx, sse, sse2, sse3, ssse3, sse4.1, sse4.2, popcnt, avx, avx2, aes, clmul, erms, 3dnowpref, lzcnt, ht, tsc, tscinvbit, bmi1, bmi2, adx, fma

Memory: 4k page, system-wide physical 8022M (150M free)
TotalPageFile size 26772M (AvailPageFile size 0M)
current process WorkingSet (physical memory assigned to process): 80M, peak: 80M
current process commit charge ("private bytes"): 218M, peak: 218M

vm_info: OpenJDK 64-Bit Server VM (11.0.13+8) for windows-amd64 JRE (11.0.13+8), built on Oct  8 2021 16:28:06 by "" with MS VC++ 15.5 (VS2017)

END.
