#
# There is insufficient memory for the Java Runtime Environment to continue.
# Native memory allocation (malloc) failed to allocate 104336 bytes for Chunk::new
# Possible reasons:
#   The system is out of physical RAM or swap space
#   The process is running with CompressedOops enabled, and the Java Heap may be blocking the growth of the native heap
# Possible solutions:
#   Reduce memory load on the system
#   Increase physical memory or swap space
#   Check if swap backing store is full
#   Decrease Java heap size (-Xmx/-Xms)
#   Decrease number of Java threads
#   Decrease Java thread stack sizes (-Xss)
#   Set larger code cache with -XX:ReservedCodeCacheSize=
#   JVM is running with Unscaled Compressed Oops mode in which the Java heap is
#     placed in the first 4GB address space. The Java Heap base address is the
#     maximum limit for the native heap growth. Please use -XX:HeapBaseMinAddress
#     to set the Java Heap base and to place the Java Heap above 4GB virtual address.
# This output file may be truncated or incomplete.
#
#  Out of Memory Error (./src/hotspot/share/memory/arena.cpp:197), pid=9560, tid=10648
#
# JRE version: OpenJDK Runtime Environment 18.9 (11.0.13+8) (build 11.0.13+8)
# Java VM: OpenJDK 64-Bit Server VM 18.9 (11.0.13+8, mixed mode, tiered, compressed oops, g1 gc, windows-amd64)
# No core dump will be written. Minidumps are not enabled by default on client versions of Windows
#

---------------  S U M M A R Y ------------

Command Line: -Xmx64m -Xms64m -Dorg.gradle.appname=gradlew org.gradle.wrapper.GradleWrapperMain buildRelease

Host: Intel(R) Core(TM) i5-10210U CPU @ 1.60GHz, 8 cores, 7G,  Windows 10 , 64 bit Build 19041 (10.0.19041.2364)
Time: Sun Feb  5 01:38:36 2023 India Standard Time elapsed time: 141.386999 seconds (0d 0h 2m 21s)

---------------  T H R E A D  ---------------

Current thread (0x0000023a00cff800):  JavaThread "C2 CompilerThread0" daemon [_thread_in_native, id=10648, stack(0x0000009291500000,0x0000009291600000)]


Current CompileTask:
C2: 141387 1660       4       com.esotericsoftware.kryo.io.Input::readUtf8 (90 bytes)

Stack: [0x0000009291500000,0x0000009291600000]
Native frames: (J=compiled Java code, j=interpreted, Vv=VM code, C=native code)
V  [jvm.dll+0x64b92a]
V  [jvm.dll+0x78e4e9]
V  [jvm.dll+0x78fbcc]
V  [jvm.dll+0x790293]
V  [jvm.dll+0x265118]
V  [jvm.dll+0xc9e01]
V  [jvm.dll+0xca3bc]
V  [jvm.dll+0x37a9d7]
V  [jvm.dll+0x346573]
V  [jvm.dll+0x34589a]
V  [jvm.dll+0x21da75]
V  [jvm.dll+0x21cc4a]
V  [jvm.dll+0x19d971]
V  [jvm.dll+0x22c754]
V  [jvm.dll+0x22a9e1]
V  [jvm.dll+0x74ff8c]
V  [jvm.dll+0x748b7d]
V  [jvm.dll+0x64a5f6]
C  [ucrtbase.dll+0x21bb2]
C  [KERNEL32.DLL+0x17614]
C  [ntdll.dll+0x526a1]


---------------  P R O C E S S  ---------------

Threads class SMR info:
_java_thread_list=0x0000023a01dd61a0, length=13, elements={
0x0000023a65d6d000, 0x0000023a00c90000, 0x0000023a00c99800, 0x0000023a00cf5800,
0x0000023a00cf8000, 0x0000023a00cfa800, 0x0000023a00cff800, 0x0000023a00d00800,
0x0000023a00d01800, 0x0000023a00f9b000, 0x0000023a019d1800, 0x0000023a01dde000,
0x0000023a02005000
}

Java Threads: ( => current thread )
  0x0000023a65d6d000 JavaThread "main" [_thread_in_native, id=13452, stack(0x0000009290900000,0x0000009290a00000)]
  0x0000023a00c90000 JavaThread "Reference Handler" daemon [_thread_blocked, id=24580, stack(0x0000009291000000,0x0000009291100000)]
  0x0000023a00c99800 JavaThread "Finalizer" daemon [_thread_blocked, id=1336, stack(0x0000009291100000,0x0000009291200000)]
  0x0000023a00cf5800 JavaThread "Signal Dispatcher" daemon [_thread_blocked, id=27816, stack(0x0000009291200000,0x0000009291300000)]
  0x0000023a00cf8000 JavaThread "Attach Listener" daemon [_thread_blocked, id=11688, stack(0x0000009291300000,0x0000009291400000)]
  0x0000023a00cfa800 JavaThread "Service Thread" daemon [_thread_blocked, id=4712, stack(0x0000009291400000,0x0000009291500000)]
=>0x0000023a00cff800 JavaThread "C2 CompilerThread0" daemon [_thread_in_native, id=10648, stack(0x0000009291500000,0x0000009291600000)]
  0x0000023a00d00800 JavaThread "C1 CompilerThread0" daemon [_thread_blocked, id=16820, stack(0x0000009291600000,0x0000009291700000)]
  0x0000023a00d01800 JavaThread "Sweeper thread" daemon [_thread_blocked, id=10824, stack(0x0000009291700000,0x0000009291800000)]
  0x0000023a00f9b000 JavaThread "Common-Cleaner" daemon [_thread_blocked, id=21780, stack(0x0000009291900000,0x0000009291a00000)]
  0x0000023a019d1800 JavaThread "pool-1-thread-1" [_thread_blocked, id=16852, stack(0x0000009291c00000,0x0000009291d00000)]
  0x0000023a01dde000 JavaThread "DisconnectableInputStream source reader" daemon [_thread_in_native, id=24396, stack(0x0000009291d00000,0x0000009291e00000)]
  0x0000023a02005000 JavaThread "Forward input" [_thread_blocked, id=22240, stack(0x0000009291e00000,0x0000009291f00000)]

Other Threads:
  0x0000023a00c6a800 VMThread "VM Thread" [stack: 0x0000009290f00000,0x0000009291000000] [id=20164]
  0x0000023a00f8e000 WatcherThread [stack: 0x0000009291800000,0x0000009291900000] [id=14704]
  0x0000023a65d83000 GCTaskThread "GC Thread#0" [stack: 0x0000009290a00000,0x0000009290b00000] [id=21884]
  0x0000023a019cf000 GCTaskThread "GC Thread#1" [stack: 0x0000009291b00000,0x0000009291c00000] [id=30256]
  0x0000023a65d8a800 ConcurrentGCThread "G1 Main Marker" [stack: 0x0000009290b00000,0x0000009290c00000] [id=29264]
  0x0000023a65d8d000 ConcurrentGCThread "G1 Conc#0" [stack: 0x0000009290c00000,0x0000009290d00000] [id=21500]
  0x0000023a65df4800 ConcurrentGCThread "G1 Refine#0" [stack: 0x0000009290d00000,0x0000009290e00000] [id=28060]
  0x0000023a65df5800 ConcurrentGCThread "G1 Young RemSet Sampling" [stack: 0x0000009290e00000,0x0000009290f00000] [id=24264]

Threads with active compile tasks:
C2 CompilerThread0 141457 1660       4       com.esotericsoftware.kryo.io.Input::readUtf8 (90 bytes)

VM state:not at safepoint (normal execution)

VM Mutex/Monitor currently owned by a thread: None

Heap address: 0x00000000fc000000, size: 64 MB, Compressed Oops mode: 32-bit
Narrow klass base: 0x0000000000000000, Narrow klass shift: 3
Compressed class space size: 1073741824 Address: 0x0000000100000000

Heap:
 garbage-first heap   total 65536K, used 33167K [0x00000000fc000000, 0x0000000100000000)
  region size 1024K, 27 young (27648K), 3 survivors (3072K)
 Metaspace       used 16363K, capacity 16673K, committed 16896K, reserved 1064960K
  class space    used 1838K, capacity 1943K, committed 2048K, reserved 1048576K
Heap Regions: E=young(eden), S=young(survivor), O=old, HS=humongous(starts), HC=humongous(continues), CS=collection set, F=free, A=archive, TAMS=top-at-mark-start (previous, next)
|   0|0x00000000fc000000, 0x00000000fc000000, 0x00000000fc100000|  0%| F|  |TAMS 0x00000000fc000000, 0x00000000fc000000| Untracked 
|   1|0x00000000fc100000, 0x00000000fc100000, 0x00000000fc200000|  0%| F|  |TAMS 0x00000000fc100000, 0x00000000fc100000| Untracked 
|   2|0x00000000fc200000, 0x00000000fc200000, 0x00000000fc300000|  0%| F|  |TAMS 0x00000000fc200000, 0x00000000fc200000| Untracked 
|   3|0x00000000fc300000, 0x00000000fc400000, 0x00000000fc400000|100%|HS|  |TAMS 0x00000000fc300000, 0x00000000fc300000| Complete 
|   4|0x00000000fc400000, 0x00000000fc500000, 0x00000000fc500000|100%|HC|  |TAMS 0x00000000fc400000, 0x00000000fc400000| Complete 
|   5|0x00000000fc500000, 0x00000000fc600000, 0x00000000fc600000|100%|HC|  |TAMS 0x00000000fc500000, 0x00000000fc500000| Complete 
|   6|0x00000000fc600000, 0x00000000fc700000, 0x00000000fc700000|100%| O|  |TAMS 0x00000000fc600000, 0x00000000fc600000| Untracked 
|   7|0x00000000fc700000, 0x00000000fc800000, 0x00000000fc800000|100%| O|  |TAMS 0x00000000fc700000, 0x00000000fc700000| Untracked 
|   8|0x00000000fc800000, 0x00000000fc900000, 0x00000000fc900000|100%| O|  |TAMS 0x00000000fc800000, 0x00000000fc800000| Untracked 
|   9|0x00000000fc900000, 0x00000000fc963c00, 0x00000000fca00000| 38%| O|  |TAMS 0x00000000fc900000, 0x00000000fc900000| Untracked 
|  10|0x00000000fca00000, 0x00000000fca00000, 0x00000000fcb00000|  0%| F|  |TAMS 0x00000000fca00000, 0x00000000fca00000| Untracked 
|  11|0x00000000fcb00000, 0x00000000fcb00000, 0x00000000fcc00000|  0%| F|  |TAMS 0x00000000fcb00000, 0x00000000fcb00000| Untracked 
|  12|0x00000000fcc00000, 0x00000000fcc00000, 0x00000000fcd00000|  0%| F|  |TAMS 0x00000000fcc00000, 0x00000000fcc00000| Untracked 
|  13|0x00000000fcd00000, 0x00000000fcd00000, 0x00000000fce00000|  0%| F|  |TAMS 0x00000000fcd00000, 0x00000000fcd00000| Untracked 
|  14|0x00000000fce00000, 0x00000000fce00000, 0x00000000fcf00000|  0%| F|  |TAMS 0x00000000fce00000, 0x00000000fce00000| Untracked 
|  15|0x00000000fcf00000, 0x00000000fcf00000, 0x00000000fd000000|  0%| F|  |TAMS 0x00000000fcf00000, 0x00000000fcf00000| Untracked 
|  16|0x00000000fd000000, 0x00000000fd000000, 0x00000000fd100000|  0%| F|  |TAMS 0x00000000fd000000, 0x00000000fd000000| Untracked 
|  17|0x00000000fd100000, 0x00000000fd100000, 0x00000000fd200000|  0%| F|  |TAMS 0x00000000fd100000, 0x00000000fd100000| Untracked 
|  18|0x00000000fd200000, 0x00000000fd200000, 0x00000000fd300000|  0%| F|  |TAMS 0x00000000fd200000, 0x00000000fd200000| Untracked 
|  19|0x00000000fd300000, 0x00000000fd300000, 0x00000000fd400000|  0%| F|  |TAMS 0x00000000fd300000, 0x00000000fd300000| Untracked 
|  20|0x00000000fd400000, 0x00000000fd400000, 0x00000000fd500000|  0%| F|  |TAMS 0x00000000fd400000, 0x00000000fd400000| Untracked 
|  21|0x00000000fd500000, 0x00000000fd500000, 0x00000000fd600000|  0%| F|  |TAMS 0x00000000fd500000, 0x00000000fd500000| Untracked 
|  22|0x00000000fd600000, 0x00000000fd600000, 0x00000000fd700000|  0%| F|  |TAMS 0x00000000fd600000, 0x00000000fd600000| Untracked 
|  23|0x00000000fd700000, 0x00000000fd700000, 0x00000000fd800000|  0%| F|  |TAMS 0x00000000fd700000, 0x00000000fd700000| Untracked 
|  24|0x00000000fd800000, 0x00000000fd800000, 0x00000000fd900000|  0%| F|  |TAMS 0x00000000fd800000, 0x00000000fd800000| Untracked 
|  25|0x00000000fd900000, 0x00000000fd900000, 0x00000000fda00000|  0%| F|  |TAMS 0x00000000fd900000, 0x00000000fd900000| Untracked 
|  26|0x00000000fda00000, 0x00000000fda00000, 0x00000000fdb00000|  0%| F|  |TAMS 0x00000000fda00000, 0x00000000fda00000| Untracked 
|  27|0x00000000fdb00000, 0x00000000fdb00000, 0x00000000fdc00000|  0%| F|  |TAMS 0x00000000fdb00000, 0x00000000fdb00000| Untracked 
|  28|0x00000000fdc00000, 0x00000000fdc00000, 0x00000000fdd00000|  0%| F|  |TAMS 0x00000000fdc00000, 0x00000000fdc00000| Untracked 
|  29|0x00000000fdd00000, 0x00000000fdd00000, 0x00000000fde00000|  0%| F|  |TAMS 0x00000000fdd00000, 0x00000000fdd00000| Untracked 
|  30|0x00000000fde00000, 0x00000000fde00000, 0x00000000fdf00000|  0%| F|  |TAMS 0x00000000fde00000, 0x00000000fde00000| Untracked 
|  31|0x00000000fdf00000, 0x00000000fdf00000, 0x00000000fe000000|  0%| F|  |TAMS 0x00000000fdf00000, 0x00000000fdf00000| Untracked 
|  32|0x00000000fe000000, 0x00000000fe000000, 0x00000000fe100000|  0%| F|  |TAMS 0x00000000fe000000, 0x00000000fe000000| Untracked 
|  33|0x00000000fe100000, 0x00000000fe100000, 0x00000000fe200000|  0%| F|  |TAMS 0x00000000fe100000, 0x00000000fe100000| Untracked 
|  34|0x00000000fe200000, 0x00000000fe200000, 0x00000000fe300000|  0%| F|  |TAMS 0x00000000fe200000, 0x00000000fe200000| Untracked 
|  35|0x00000000fe300000, 0x00000000fe300000, 0x00000000fe400000|  0%| F|  |TAMS 0x00000000fe300000, 0x00000000fe300000| Untracked 
|  36|0x00000000fe400000, 0x00000000fe400000, 0x00000000fe500000|  0%| F|  |TAMS 0x00000000fe400000, 0x00000000fe400000| Untracked 
|  37|0x00000000fe500000, 0x00000000fe600000, 0x00000000fe600000|100%| S|CS|TAMS 0x00000000fe500000, 0x00000000fe500000| Complete 
|  38|0x00000000fe600000, 0x00000000fe700000, 0x00000000fe700000|100%| S|CS|TAMS 0x00000000fe600000, 0x00000000fe600000| Complete 
|  39|0x00000000fe700000, 0x00000000fe800000, 0x00000000fe800000|100%| S|CS|TAMS 0x00000000fe700000, 0x00000000fe700000| Complete 
|  40|0x00000000fe800000, 0x00000000fe840820, 0x00000000fe900000| 25%| E|  |TAMS 0x00000000fe800000, 0x00000000fe800000| Complete 
|  41|0x00000000fe900000, 0x00000000fea00000, 0x00000000fea00000|100%| E|CS|TAMS 0x00000000fe900000, 0x00000000fe900000| Complete 
|  42|0x00000000fea00000, 0x00000000feb00000, 0x00000000feb00000|100%| E|CS|TAMS 0x00000000fea00000, 0x00000000fea00000| Complete 
|  43|0x00000000feb00000, 0x00000000fec00000, 0x00000000fec00000|100%| E|CS|TAMS 0x00000000feb00000, 0x00000000feb00000| Complete 
|  44|0x00000000fec00000, 0x00000000fed00000, 0x00000000fed00000|100%| E|CS|TAMS 0x00000000fec00000, 0x00000000fec00000| Complete 
|  45|0x00000000fed00000, 0x00000000fee00000, 0x00000000fee00000|100%| E|CS|TAMS 0x00000000fed00000, 0x00000000fed00000| Complete 
|  46|0x00000000fee00000, 0x00000000fef00000, 0x00000000fef00000|100%| E|CS|TAMS 0x00000000fee00000, 0x00000000fee00000| Complete 
|  47|0x00000000fef00000, 0x00000000ff000000, 0x00000000ff000000|100%| E|CS|TAMS 0x00000000fef00000, 0x00000000fef00000| Complete 
|  48|0x00000000ff000000, 0x00000000ff100000, 0x00000000ff100000|100%| E|CS|TAMS 0x00000000ff000000, 0x00000000ff000000| Complete 
|  49|0x00000000ff100000, 0x00000000ff200000, 0x00000000ff200000|100%| E|CS|TAMS 0x00000000ff100000, 0x00000000ff100000| Complete 
|  50|0x00000000ff200000, 0x00000000ff300000, 0x00000000ff300000|100%| E|CS|TAMS 0x00000000ff200000, 0x00000000ff200000| Complete 
|  51|0x00000000ff300000, 0x00000000ff400000, 0x00000000ff400000|100%| E|CS|TAMS 0x00000000ff300000, 0x00000000ff300000| Complete 
|  52|0x00000000ff400000, 0x00000000ff500000, 0x00000000ff500000|100%| E|CS|TAMS 0x00000000ff400000, 0x00000000ff400000| Complete 
|  53|0x00000000ff500000, 0x00000000ff600000, 0x00000000ff600000|100%| E|CS|TAMS 0x00000000ff500000, 0x00000000ff500000| Complete 
|  54|0x00000000ff600000, 0x00000000ff700000, 0x00000000ff700000|100%| E|CS|TAMS 0x00000000ff600000, 0x00000000ff600000| Complete 
|  55|0x00000000ff700000, 0x00000000ff800000, 0x00000000ff800000|100%| E|CS|TAMS 0x00000000ff700000, 0x00000000ff700000| Complete 
|  56|0x00000000ff800000, 0x00000000ff900000, 0x00000000ff900000|100%| E|CS|TAMS 0x00000000ff800000, 0x00000000ff800000| Complete 
|  57|0x00000000ff900000, 0x00000000ffa00000, 0x00000000ffa00000|100%| E|CS|TAMS 0x00000000ff900000, 0x00000000ff900000| Complete 
|  58|0x00000000ffa00000, 0x00000000ffb00000, 0x00000000ffb00000|100%| E|CS|TAMS 0x00000000ffa00000, 0x00000000ffa00000| Complete 
|  59|0x00000000ffb00000, 0x00000000ffc00000, 0x00000000ffc00000|100%| E|CS|TAMS 0x00000000ffb00000, 0x00000000ffb00000| Complete 
|  60|0x00000000ffc00000, 0x00000000ffd00000, 0x00000000ffd00000|100%| E|CS|TAMS 0x00000000ffc00000, 0x00000000ffc00000| Complete 
|  61|0x00000000ffd00000, 0x00000000ffe00000, 0x00000000ffe00000|100%| E|CS|TAMS 0x00000000ffd00000, 0x00000000ffd00000| Complete 
|  62|0x00000000ffe00000, 0x00000000fff00000, 0x00000000fff00000|100%| E|CS|TAMS 0x00000000ffe00000, 0x00000000ffe00000| Complete 
|  63|0x00000000fff00000, 0x0000000100000000, 0x0000000100000000|100%| E|CS|TAMS 0x00000000fff00000, 0x00000000fff00000| Complete 

Card table byte_map: [0x0000023a65cb0000,0x0000023a65cd0000] _byte_map_base: 0x0000023a654d0000

Marking Bits (Prev, Next): (CMBitMap*) 0x0000023a65d87fe8, (CMBitMap*) 0x0000023a65d88020
 Prev Bits: [0x0000023a7d7d0000, 0x0000023a7d8d0000)
 Next Bits: [0x0000023a7d8d0000, 0x0000023a7d9d0000)

Polling page: 0x0000023a63d80000

Metaspace:

Usage:
  Non-class:     14.38 MB capacity,    14.18 MB ( 99%) used,   182.38 KB (  1%) free+waste,    23.06 KB ( <1%) overhead. 
      Class:      1.90 MB capacity,     1.80 MB ( 95%) used,    93.41 KB (  5%) free+waste,    11.13 KB ( <1%) overhead. 
       Both:     16.28 MB capacity,    15.98 MB ( 98%) used,   275.78 KB (  2%) free+waste,    34.19 KB ( <1%) overhead. 

Virtual space:
  Non-class space:       16.00 MB reserved,      14.50 MB ( 91%) committed 
      Class space:        1.00 GB reserved,       2.00 MB ( <1%) committed 
             Both:        1.02 GB reserved,      16.50 MB (  2%) committed 

Chunk freelists:
   Non-Class:  54.00 KB
       Class:  9.00 KB
        Both:  63.00 KB

MaxMetaspaceSize: 17179869184.00 GB
CompressedClassSpaceSize: 1.00 GB
Initial GC threshold: 20.80 MB
Current GC threshold: 20.80 MB
CDS: off

CodeHeap 'non-profiled nmethods': size=120000Kb used=570Kb max_used=570Kb free=119430Kb
 bounds [0x0000023a75f70000, 0x0000023a761e0000, 0x0000023a7d4a0000]
CodeHeap 'profiled nmethods': size=120000Kb used=3253Kb max_used=3253Kb free=116746Kb
 bounds [0x0000023a6ea40000, 0x0000023a6ed70000, 0x0000023a75f70000]
CodeHeap 'non-nmethods': size=5760Kb used=1163Kb max_used=1184Kb free=4596Kb
 bounds [0x0000023a6e4a0000, 0x0000023a6e710000, 0x0000023a6ea40000]
 total_blobs=2090 nmethods=1663 adapters=340
 compilation: enabled
              stopped_count=0, restarted_count=0
 full_count=0

Compilation events (20 events):
Event: 140.076 Thread 0x0000023a00d00800 nmethod 1651 0x0000023a6ed67510 code [0x0000023a6ed67720, 0x0000023a6ed67d68]
Event: 140.076 Thread 0x0000023a00d00800 1652       1       org.gradle.internal.logging.events.StyledTextOutputEvent$Span::access$000 (5 bytes)
Event: 140.076 Thread 0x0000023a00d00800 nmethod 1652 0x0000023a75ffdc10 code [0x0000023a75ffddc0, 0x0000023a75ffde58]
Event: 140.076 Thread 0x0000023a00d00800 1653       1       org.gradle.internal.logging.events.StyledTextOutputEvent$Span::access$100 (5 bytes)
Event: 140.077 Thread 0x0000023a00d00800 nmethod 1653 0x0000023a75ffdf10 code [0x0000023a75ffe0c0, 0x0000023a75ffe158]
Event: 140.077 Thread 0x0000023a00d00800 1654       1       org.gradle.internal.logging.sink.GroupingProgressLogEventGenerator::access$500 (5 bytes)
Event: 140.077 Thread 0x0000023a00d00800 nmethod 1654 0x0000023a75ffe210 code [0x0000023a75ffe3c0, 0x0000023a75ffe458]
Event: 140.081 Thread 0x0000023a00d00800 1655       3       org.gradle.internal.logging.text.AbstractLineChoppingStyledTextOutput$3::execute (9 bytes)
Event: 140.082 Thread 0x0000023a00d00800 nmethod 1655 0x0000023a6ed67f90 code [0x0000023a6ed68160, 0x0000023a6ed68388]
Event: 140.082 Thread 0x0000023a00d00800 1657       3       org.gradle.internal.logging.text.AbstractLineChoppingStyledTextOutput$SeenFromEol::add (18 bytes)
Event: 140.082 Thread 0x0000023a00d00800 nmethod 1657 0x0000023a6ed68490 code [0x0000023a6ed68640, 0x0000023a6ed68778]
Event: 140.082 Thread 0x0000023a00d00800 1656       3       org.gradle.internal.logging.text.AbstractLineChoppingStyledTextOutput$3::execute (73 bytes)
Event: 140.083 Thread 0x0000023a00d00800 nmethod 1656 0x0000023a6ed68890 code [0x0000023a6ed68b20, 0x0000023a6ed694b8]
Event: 140.083 Thread 0x0000023a00d00800 1658       3       org.gradle.internal.logging.text.AbstractLineChoppingStyledTextOutput$StateContext::next (11 bytes)
Event: 140.083 Thread 0x0000023a00d00800 nmethod 1658 0x0000023a6ed69890 code [0x0000023a6ed69a40, 0x0000023a6ed69b38]
Event: 140.091 Thread 0x0000023a00cff800 1659       4       org.gradle.internal.logging.console.DefaultRedrawableLabel::newLineAdjustment (14 bytes)
Event: 140.092 Thread 0x0000023a00cff800 nmethod 1659 0x0000023a75ffe510 code [0x0000023a75ffe6a0, 0x0000023a75ffe718]
Event: 141.360 Thread 0x0000023a00cff800 1660       4       com.esotericsoftware.kryo.io.Input::readUtf8 (90 bytes)
Event: 141.360 Thread 0x0000023a00d00800 1661       3       sun.nio.ch.SelectorImpl::ensureOpen (16 bytes)
Event: 141.361 Thread 0x0000023a00d00800 nmethod 1661 0x0000023a6ed69c10 code [0x0000023a6ed69de0, 0x0000023a6ed6a108]

GC Heap History (2 events):
Event: 1.831 GC heap before
{Heap before GC invocations=0 (full 0):
 garbage-first heap   total 65536K, used 29696K [0x00000000fc000000, 0x0000000100000000)
  region size 1024K, 24 young (24576K), 0 survivors (0K)
 Metaspace       used 10533K, capacity 10787K, committed 11008K, reserved 1058816K
  class space    used 1068K, capacity 1167K, committed 1280K, reserved 1048576K
}
Event: 1.844 GC heap after
{Heap after GC invocations=1 (full 0):
 garbage-first heap   total 65536K, used 9615K [0x00000000fc000000, 0x0000000100000000)
  region size 1024K, 3 young (3072K), 3 survivors (3072K)
 Metaspace       used 10533K, capacity 10787K, committed 11008K, reserved 1058816K
  class space    used 1068K, capacity 1167K, committed 1280K, reserved 1048576K
}

Deoptimization events (20 events):
Event: 2.272 Thread 0x0000023a65d6d000 DEOPT PACKING pc=0x0000023a6eaeb4ff sp=0x00000092909fa2b0
Event: 2.272 Thread 0x0000023a65d6d000 DEOPT UNPACKING pc=0x0000023a6e4ea95e sp=0x00000092909f9700 mode 0
Event: 2.591 Thread 0x0000023a65d6d000 DEOPT PACKING pc=0x0000023a6eb3afb0 sp=0x00000092909f87d0
Event: 2.591 Thread 0x0000023a65d6d000 DEOPT UNPACKING pc=0x0000023a6e4ea95e sp=0x00000092909f7ce8 mode 0
Event: 2.645 Thread 0x0000023a65d6d000 Uncommon trap: trap_request=0xffffff4d fr.pc=0x0000023a75fccae0 relative=0x00000000000001a0
Event: 2.645 Thread 0x0000023a65d6d000 Uncommon trap: reason=unstable_if action=reinterpret pc=0x0000023a75fccae0 method=java.util.HashMap.getNode(ILjava/lang/Object;)Ljava/util/HashMap$Node; @ 129 c2
Event: 2.645 Thread 0x0000023a65d6d000 DEOPT PACKING pc=0x0000023a75fccae0 sp=0x00000092909fa620
Event: 2.645 Thread 0x0000023a65d6d000 DEOPT UNPACKING pc=0x0000023a6e4ea1af sp=0x00000092909fa520 mode 2
Event: 2.948 Thread 0x0000023a65d6d000 Uncommon trap: trap_request=0xffffff4d fr.pc=0x0000023a75fbe644 relative=0x0000000000001a64
Event: 2.948 Thread 0x0000023a65d6d000 Uncommon trap: reason=unstable_if action=reinterpret pc=0x0000023a75fbe644 method=java.io.WinNTFileSystem.normalize(Ljava/lang/String;)Ljava/lang/String; @ 128 c2
Event: 2.948 Thread 0x0000023a65d6d000 DEOPT PACKING pc=0x0000023a75fbe644 sp=0x00000092909fa000
Event: 2.948 Thread 0x0000023a65d6d000 DEOPT UNPACKING pc=0x0000023a6e4ea1af sp=0x00000092909f9fd8 mode 2
Event: 3.763 Thread 0x0000023a65d6d000 Uncommon trap: trap_request=0xffffff4d fr.pc=0x0000023a75fa5a90 relative=0x0000000000000550
Event: 3.763 Thread 0x0000023a65d6d000 Uncommon trap: reason=unstable_if action=reinterpret pc=0x0000023a75fa5a90 method=java.lang.AbstractStringBuilder.append(Ljava/lang/String;)Ljava/lang/AbstractStringBuilder; @ 1 c2
Event: 3.763 Thread 0x0000023a65d6d000 DEOPT PACKING pc=0x0000023a75fa5a90 sp=0x00000092909fc5e0
Event: 3.763 Thread 0x0000023a65d6d000 DEOPT UNPACKING pc=0x0000023a6e4ea1af sp=0x00000092909fc560 mode 2
Event: 3.764 Thread 0x0000023a65d6d000 Uncommon trap: trap_request=0xffffff4d fr.pc=0x0000023a75fb43e4 relative=0x0000000000000524
Event: 3.764 Thread 0x0000023a65d6d000 Uncommon trap: reason=unstable_if action=reinterpret pc=0x0000023a75fb43e4 method=java.lang.AbstractStringBuilder.append(Ljava/lang/String;)Ljava/lang/AbstractStringBuilder; @ 1 c2
Event: 3.764 Thread 0x0000023a65d6d000 DEOPT PACKING pc=0x0000023a75fb43e4 sp=0x00000092909fc580
Event: 3.764 Thread 0x0000023a65d6d000 DEOPT UNPACKING pc=0x0000023a6e4ea1af sp=0x00000092909fc568 mode 2

Classes redefined (0 events):
No events

Internal exceptions (14 events):
Event: 0.421 Thread 0x0000023a65d6d000 Exception <a 'java/lang/NoSuchMethodError'{0x00000000ffc5bfb0}: 'int java.lang.invoke.DirectMethodHandle$Holder.invokeStaticInit(java.lang.Object, java.lang.Object)'> (0x00000000ffc5bfb0) thrown at [./src/hotspot/share/interpreter/linkResolver.cpp, line 773]
Event: 0.591 Thread 0x0000023a65d6d000 Exception <a 'java/lang/NoSuchMethodError'{0x00000000ffb2f698}: 'int java.lang.invoke.DirectMethodHandle$Holder.invokeSpecial(java.lang.Object, java.lang.Object, java.lang.Object, java.lang.Object)'> (0x00000000ffb2f698) thrown at [./src/hotspot/share/interpreter/linkResolver.cpp, line 773]
Event: 0.602 Thread 0x0000023a65d6d000 Exception <a 'java/lang/NoSuchMethodError'{0x00000000ffb67f50}: 'int java.lang.invoke.DirectMethodHandle$Holder.invokeSpecialIFC(java.lang.Object, java.lang.Object, int)'> (0x00000000ffb67f50) thrown at [./src/hotspot/share/interpreter/linkResolver.cpp, line 773]
Event: 1.747 Thread 0x0000023a65d6d000 Implicit null exception at 0x0000023a75fb1d75 to 0x0000023a75fb1f44
Event: 1.816 Thread 0x0000023a65d6d000 Exception <a 'java/lang/NoClassDefFoundError'{0x00000000fe8a2070}: org/slf4j/impl/StaticMarkerBinder> (0x00000000fe8a2070) thrown at [./src/hotspot/share/classfile/systemDictionary.cpp, line 220]
Event: 1.867 Thread 0x0000023a65d6d000 Exception <a 'java/lang/NoSuchMethodError'{0x00000000fffe1b50}: 'java.lang.Object java.lang.invoke.DirectMethodHandle$Holder.invokeVirtual(java.lang.Object, java.lang.Object, java.lang.Object, java.lang.Object, java.lang.Object, java.lang.Object, java.lang.Object)'> (0x00000000fffe1b50) thrown at [./src/hotspot/share/interpreter/linkResolver.cpp, line 773]
Event: 1.870 Thread 0x0000023a65d6d000 Exception <a 'java/lang/NoSuchMethodError'{0x00000000ffff5730}: 'java.lang.Object java.lang.invoke.Invokers$Holder.invoker(java.lang.Object, java.lang.Object, java.lang.Object)'> (0x00000000ffff5730) thrown at [./src/hotspot/share/interpreter/linkResolver.cpp, line 773]
Event: 1.873 Thread 0x0000023a65d6d000 Exception <a 'java/lang/NoSuchMethodError'{0x00000000ffe068d8}: 'void java.lang.invoke.DelegatingMethodHandle$Holder.delegate(java.lang.Object, java.lang.Object, int, java.lang.Object)'> (0x00000000ffe068d8) thrown at [./src/hotspot/share/interpreter/linkResolver.cpp, line 773]
Event: 2.219 Thread 0x0000023a65d6d000 Exception <a 'java/lang/NoSuchMethodError'{0x00000000ff7b1da0}: 'java.lang.Object java.lang.invoke.DirectMethodHandle$Holder.invokeInterface(java.lang.Object, java.lang.Object, java.lang.Object)'> (0x00000000ff7b1da0) thrown at [./src/hotspot/share/interpreter/linkResolver.cpp, line 773]
Event: 2.416 Thread 0x0000023a65d6d000 Exception <a 'java/lang/NoSuchMethodError'{0x00000000ff4917c0}: 'java.lang.Object java.lang.invoke.DirectMethodHandle$Holder.invokeStaticInit(java.lang.Object, java.lang.Object, java.lang.Object)'> (0x00000000ff4917c0) thrown at [./src/hotspot/share/interpreter/linkResolver.cpp, line 773]
Event: 2.670 Thread 0x0000023a65d6d000 Exception <a 'java/lang/NoSuchMethodError'{0x00000000fef51bc8}: 'java.lang.Object java.lang.invoke.DirectMethodHandle$Holder.invokeStaticInit(java.lang.Object, int, int, int, int)'> (0x00000000fef51bc8) thrown at [./src/hotspot/share/interpreter/linkResolver.cpp, line 773]
Event: 3.009 Thread 0x0000023a65d6d000 Exception <a 'java/lang/NoSuchMethodError'{0x00000000fef9eeb0}: 'java.lang.Object java.lang.invoke.DirectMethodHandle$Holder.invokeStaticInit(java.lang.Object, java.lang.Object, int, int, int, int)'> (0x00000000fef9eeb0) thrown at [./src/hotspot/share/interpreter/linkResolver.cpp, line 773]
Event: 3.763 Thread 0x0000023a65d6d000 Implicit null exception at 0x0000023a75fa5574 to 0x0000023a75fa5a78
Event: 3.764 Thread 0x0000023a65d6d000 Implicit null exception at 0x0000023a75fb3ef4 to 0x0000023a75fb43cc

Events (20 events):
Event: 66.694 loading class java/io/ObjectInputFilter$Config
Event: 66.694 loading class java/io/ObjectInputFilter$Config done
Event: 66.695 loading class java/io/ObjectInputFilter
Event: 66.695 loading class java/io/ObjectInputFilter done
Event: 66.698 loading class jdk/internal/misc/JavaObjectInputFilterAccess
Event: 66.698 loading class jdk/internal/misc/JavaObjectInputFilterAccess done
Event: 66.700 loading class java/io/Bits
Event: 66.700 loading class java/io/Bits done
Event: 66.700 loading class org/gradle/internal/serialize/ExceptionReplacingObjectInputStream$1
Event: 66.700 loading class org/gradle/internal/serialize/ExceptionReplacingObjectInputStream$1 done
Event: 66.761 loading class com/google/common/base/Objects
Event: 66.761 loading class com/google/common/base/Objects done
Event: 66.763 loading class com/google/common/base/ExtraObjectsMethodsForWeb
Event: 66.763 loading class com/google/common/base/ExtraObjectsMethodsForWeb done
Event: 67.775 loading class org/gradle/internal/logging/text/AbstractLineChoppingStyledTextOutput$StateContext
Event: 67.775 loading class org/gradle/internal/logging/text/AbstractLineChoppingStyledTextOutput$StateContext done
Event: 67.780 loading class org/gradle/internal/logging/console/DefaultTextArea$2
Event: 67.780 loading class org/gradle/internal/logging/console/DefaultTextArea$2 done
Event: 67.782 loading class org/gradle/internal/logging/console/DefaultTextArea$2$1
Event: 67.782 loading class org/gradle/internal/logging/console/DefaultTextArea$2$1 done


Dynamic libraries:
0x00007ff7fc440000 - 0x00007ff7fc44d000 	C:\Program Files\OpenJDK\openjdk-11.0.13_8\bin\java.exe
0x00007ff9dc750000 - 0x00007ff9dc948000 	C:\WINDOWS\SYSTEM32\ntdll.dll
0x00007ff9dbd80000 - 0x00007ff9dbe3f000 	C:\WINDOWS\System32\KERNEL32.DLL
0x00007ff9d9ee0000 - 0x00007ff9da1b2000 	C:\WINDOWS\System32\KERNELBASE.dll
0x00007ff9da3d0000 - 0x00007ff9da4d0000 	C:\WINDOWS\System32\ucrtbase.dll
0x00007ff9ce8e0000 - 0x00007ff9ce8f8000 	C:\Program Files\OpenJDK\openjdk-11.0.13_8\bin\jli.dll
0x00007ff9ce8c0000 - 0x00007ff9ce8d6000 	C:\Program Files\OpenJDK\openjdk-11.0.13_8\bin\VCRUNTIME140.dll
0x00007ff9db2c0000 - 0x00007ff9db461000 	C:\WINDOWS\System32\USER32.dll
0x00007ff9c0850000 - 0x00007ff9c0aea000 	C:\WINDOWS\WinSxS\amd64_microsoft.windows.common-controls_6595b64144ccf1df_6.0.19041.1110_none_60b5254171f9507e\COMCTL32.dll
0x00007ff9da5e0000 - 0x00007ff9da602000 	C:\WINDOWS\System32\win32u.dll
0x00007ff9dc200000 - 0x00007ff9dc22b000 	C:\WINDOWS\System32\GDI32.dll
0x00007ff9db980000 - 0x00007ff9dba1e000 	C:\WINDOWS\System32\msvcrt.dll
0x00007ff9da4d0000 - 0x00007ff9da5df000 	C:\WINDOWS\System32\gdi32full.dll
0x00007ff9da6f0000 - 0x00007ff9da78d000 	C:\WINDOWS\System32\msvcp_win.dll
0x00007ff9dc2b0000 - 0x00007ff9dc2e2000 	C:\WINDOWS\System32\IMM32.DLL
0x00007ff9a0bd0000 - 0x00007ff9a0c7a000 	C:\Program Files\OpenJDK\openjdk-11.0.13_8\bin\msvcp140.dll
0x00007ff9593d0000 - 0x00007ff959f1c000 	C:\Program Files\OpenJDK\openjdk-11.0.13_8\bin\server\jvm.dll
0x00007ff9dc4d0000 - 0x00007ff9dc57e000 	C:\WINDOWS\System32\ADVAPI32.dll
0x00007ff9dc430000 - 0x00007ff9dc4cc000 	C:\WINDOWS\System32\sechost.dll
0x00007ff9db190000 - 0x00007ff9db2b5000 	C:\WINDOWS\System32\RPCRT4.dll
0x00007ff9dc1f0000 - 0x00007ff9dc1f8000 	C:\WINDOWS\System32\PSAPI.DLL
0x00007ff9c15e0000 - 0x00007ff9c1607000 	C:\WINDOWS\SYSTEM32\WINMM.dll
0x00007ff9d3960000 - 0x00007ff9d3969000 	C:\WINDOWS\SYSTEM32\WSOCK32.dll
0x00007ff9dc0a0000 - 0x00007ff9dc10b000 	C:\WINDOWS\System32\WS2_32.dll
0x00007ff9d0050000 - 0x00007ff9d005a000 	C:\WINDOWS\SYSTEM32\VERSION.dll
0x00007ff9d8650000 - 0x00007ff9d8662000 	C:\WINDOWS\SYSTEM32\kernel.appcore.dll
0x00007ff9aee30000 - 0x00007ff9aee41000 	C:\Program Files\OpenJDK\openjdk-11.0.13_8\bin\verify.dll
0x00007ff9d4b70000 - 0x00007ff9d4d54000 	C:\WINDOWS\SYSTEM32\DBGHELP.DLL
0x00007ff9ce250000 - 0x00007ff9ce285000 	C:\WINDOWS\SYSTEM32\dbgcore.DLL
0x00007ff9da610000 - 0x00007ff9da692000 	C:\WINDOWS\System32\bcryptPrimitives.dll
0x00007ff9a89c0000 - 0x00007ff9a89e9000 	C:\Program Files\OpenJDK\openjdk-11.0.13_8\bin\java.dll
0x00007ff9c5b20000 - 0x00007ff9c5b2a000 	C:\Program Files\OpenJDK\openjdk-11.0.13_8\bin\jimage.dll
0x00007ff9adb90000 - 0x00007ff9adba7000 	C:\Program Files\OpenJDK\openjdk-11.0.13_8\bin\zip.dll
0x00007ff9da8c0000 - 0x00007ff9db004000 	C:\WINDOWS\System32\SHELL32.dll
0x00007ff9d7ea0000 - 0x00007ff9d8632000 	C:\WINDOWS\SYSTEM32\windows.storage.dll
0x00007ff9dba20000 - 0x00007ff9dbd75000 	C:\WINDOWS\System32\combase.dll
0x00007ff9d9830000 - 0x00007ff9d9860000 	C:\WINDOWS\SYSTEM32\Wldp.dll
0x00007ff9dbe40000 - 0x00007ff9dbeed000 	C:\WINDOWS\System32\SHCORE.dll
0x00007ff9dc6b0000 - 0x00007ff9dc705000 	C:\WINDOWS\System32\shlwapi.dll
0x00007ff9d9d80000 - 0x00007ff9d9d9f000 	C:\WINDOWS\SYSTEM32\profapi.dll
0x00007ff9abb50000 - 0x00007ff9abb69000 	C:\Program Files\OpenJDK\openjdk-11.0.13_8\bin\net.dll
0x00007ff9d1710000 - 0x00007ff9d181c000 	C:\WINDOWS\SYSTEM32\WINHTTP.dll
0x00007ff9d94e0000 - 0x00007ff9d954a000 	C:\WINDOWS\system32\mswsock.dll
0x00007ff9aaf90000 - 0x00007ff9aafa3000 	C:\Program Files\OpenJDK\openjdk-11.0.13_8\bin\nio.dll
0x00007ff9a1420000 - 0x00007ff9a1447000 	C:\Users\hetvr\.gradle\native\e1d6ef7f7dcc3fd88c89a11ec53ec762bb8ba0a96d01ffa2cd45eb1d1d8dd5c5\windows-amd64\native-platform.dll
0x00007ff9d0b80000 - 0x00007ff9d0b8a000 	C:\Users\hetvr\.gradle\native\jansi\1.18\windows64\jansi.dll
0x00007ff9c4360000 - 0x00007ff9c4369000 	C:\Program Files\OpenJDK\openjdk-11.0.13_8\bin\management.dll
0x00007ff9c3ef0000 - 0x00007ff9c3efc000 	C:\Program Files\OpenJDK\openjdk-11.0.13_8\bin\management_ext.dll
0x00007ff9d9720000 - 0x00007ff9d9738000 	C:\WINDOWS\SYSTEM32\CRYPTSP.dll
0x00007ff9d8e00000 - 0x00007ff9d8e34000 	C:\WINDOWS\system32\rsaenh.dll
0x00007ff9d9e40000 - 0x00007ff9d9e67000 	C:\WINDOWS\System32\bcrypt.dll
0x00007ff9d9d40000 - 0x00007ff9d9d6e000 	C:\WINDOWS\SYSTEM32\USERENV.dll
0x00007ff9d9710000 - 0x00007ff9d971c000 	C:\WINDOWS\SYSTEM32\CRYPTBASE.dll
0x00007ff9d91e0000 - 0x00007ff9d921b000 	C:\WINDOWS\SYSTEM32\IPHLPAPI.DLL
0x00007ff9dc290000 - 0x00007ff9dc298000 	C:\WINDOWS\System32\NSI.dll
0x00007ff9ce2e0000 - 0x00007ff9ce2f7000 	C:\WINDOWS\SYSTEM32\dhcpcsvc6.DLL
0x00007ff9cf690000 - 0x00007ff9cf6ad000 	C:\WINDOWS\SYSTEM32\dhcpcsvc.DLL
0x00007ff9d9220000 - 0x00007ff9d92ea000 	C:\WINDOWS\SYSTEM32\DNSAPI.dll

dbghelp: loaded successfully - version: 4.0.5 - missing functions: none
symbol engine: initialized successfully - sym options: 0x614 - pdb path: .;C:\Program Files\OpenJDK\openjdk-11.0.13_8\bin;C:\WINDOWS\SYSTEM32;C:\WINDOWS\WinSxS\amd64_microsoft.windows.common-controls_6595b64144ccf1df_6.0.19041.1110_none_60b5254171f9507e;C:\Program Files\OpenJDK\openjdk-11.0.13_8\bin\server;C:\Users\hetvr\.gradle\native\e1d6ef7f7dcc3fd88c89a11ec53ec762bb8ba0a96d01ffa2cd45eb1d1d8dd5c5\windows-amd64;C:\Users\hetvr\.gradle\native\jansi\1.18\windows64

VM Arguments:
jvm_args: -Xmx64m -Xms64m -Dorg.gradle.appname=gradlew 
java_command: org.gradle.wrapper.GradleWrapperMain buildRelease
java_class_path (initial): C:\Users\hetvr\Documents\ssip\UserMobile\android\\gradle\wrapper\gradle-wrapper.jar
Launcher Type: SUN_STANDARD

[Global flags]
     intx CICompilerCount                          = 4                                         {product} {ergonomic}
     uint ConcGCThreads                            = 2                                         {product} {ergonomic}
     uint G1ConcRefinementThreads                  = 8                                         {product} {ergonomic}
   size_t G1HeapRegionSize                         = 1048576                                   {product} {ergonomic}
    uintx GCDrainStackTargetSize                   = 64                                        {product} {ergonomic}
   size_t InitialHeapSize                          = 67108864                                  {product} {command line}
   size_t MarkStackSize                            = 4194304                                   {product} {ergonomic}
   size_t MaxHeapSize                              = 67108864                                  {product} {command line}
   size_t MaxNewSize                               = 39845888                                  {product} {ergonomic}
   size_t MinHeapDeltaBytes                        = 1048576                                   {product} {ergonomic}
    uintx NonNMethodCodeHeapSize                   = 5836300                                {pd product} {ergonomic}
    uintx NonProfiledCodeHeapSize                  = 122910970                              {pd product} {ergonomic}
    uintx ProfiledCodeHeapSize                     = 122910970                              {pd product} {ergonomic}
    uintx ReservedCodeCacheSize                    = 251658240                              {pd product} {ergonomic}
     bool SegmentedCodeCache                       = true                                      {product} {ergonomic}
     bool UseCompressedClassPointers               = true                                 {lp64_product} {ergonomic}
     bool UseCompressedOops                        = true                                 {lp64_product} {ergonomic}
     bool UseG1GC                                  = true                                      {product} {ergonomic}
     bool UseLargePagesIndividualAllocation        = false                                  {pd product} {ergonomic}

Logging:
Log output configuration:
 #0: stdout all=warning uptime,level,tags
 #1: stderr all=off uptime,level,tags

Environment Variables:
JAVA_HOME=C:\Program Files\OpenJDK\openjdk-11.0.13_8
CLASSPATH=C:\Users\hetvr\Documents\ssip\UserMobile\android\\gradle\wrapper\gradle-wrapper.jar
PATH=C:\Program Files\Common Files\Oracle\Java\javapath;C:\Python310\Scripts\;C:\Python310\;C:\WINDOWS\system32;C:\WINDOWS;C:\WINDOWS\System32\Wbem;C:\WINDOWS\System32\WindowsPowerShell\v1.0\;C:\WINDOWS\System32\OpenSSH\;C:\MinGW\bin;C:\Program Files\MongoDB\Server\5.0\bin;C:\ProgramData\chocolatey\bin;C:\Program Files\nodejs\;C:\Program Files\OpenJDK\openjdk-11.0.13_8\bin;C:\Program Files\Amazon\AWSCLIV2\;C:\Program Files\PuTTY\;C:\Program Files\swipl\bin;C:\Program Files\Git\cmd;C:\Program Files\Git\bin;C:\Users\hetvr\AppData\Local\Android\Sdk\platform-tools;C:\Users\hetvr\AppData\Local\Android\Sdk\tools;C:\Users\hetvr\AppData\Local\Android\Sdk\platform-tools;C:\Users\hetvr\AppData\Local\Android\Sdk\tools;C:\Program Files\OpenJDK\openjdk-11.0.13_8\bin;C:\Users\hetvr\AppData\Local\Microsoft\WindowsApps;C:\Users\hetvr\AppData\Local\Programs\Microsoft VS Code\bin;C:\Program Files\JetBrains\PyCharm Community Edition 2021.3.3\bin;;C:\Users\hetvr\Downloads\flutter_windows_2.5.0-stable.zip\flutter\bin;C:\development\sdks\flutter\bin;C:\Users\hetvr\AppData\Roaming\npm;C:\Users\hetvr\AppData\Local\Programs\mongosh\;C:\Users\hetvr\AppData\Local\GitHubDesktop\bin;C:\Program Files\JetBrains\IntelliJ IDEA Community Edition 2021.3.2\bin;;C:\Users\hetvr\AppData\Local\Android\Sdk;C:\Program Files\Git\bin;
USERNAME=hetvr
LANG=en_US.UTF-8
OS=Windows_NT
PROCESSOR_IDENTIFIER=Intel64 Family 6 Model 142 Stepping 12, GenuineIntel



---------------  S Y S T E M  ---------------

OS: Windows 10 , 64 bit Build 19041 (10.0.19041.2364)
OS uptime: 5 days 1:54 hours
Hyper-V role detected

CPU:total 8 (initial active 8) (4 cores per cpu, 2 threads per core) family 6 model 142 stepping 12 microcode 0xc0, cmov, cx8, fxsr, mmx, sse, sse2, sse3, ssse3, sse4.1, sse4.2, popcnt, avx, avx2, aes, clmul, erms, 3dnowpref, lzcnt, ht, tsc, tscinvbit, bmi1, bmi2, adx, fma

Memory: 4k page, system-wide physical 8022M (389M free)
TotalPageFile size 26772M (AvailPageFile size 15M)
current process WorkingSet (physical memory assigned to process): 22M, peak: 95M
current process commit charge ("private bytes"): 161M, peak: 166M

vm_info: OpenJDK 64-Bit Server VM (11.0.13+8) for windows-amd64 JRE (11.0.13+8), built on Oct  8 2021 16:28:06 by "" with MS VC++ 15.5 (VS2017)

END.
